#
# There is insufficient memory for the Java Runtime Environment to continue.
# Native memory allocation (malloc) failed to allocate 1194016 bytes. Error detail: Chunk::new
# Possible reasons:
#   The system is out of physical RAM or swap space
#   This process is running with CompressedOops enabled, and the Java Heap may be blocking the growth of the native heap
# Possible solutions:
#   Reduce memory load on the system
#   Increase physical memory or swap space
#   Check if swap backing store is full
#   Decrease Java heap size (-Xmx/-Xms)
#   Decrease number of Java threads
#   Decrease Java thread stack sizes (-Xss)
#   Set larger code cache with -XX:ReservedCodeCacheSize=
#   JVM is running with Unscaled Compressed Oops mode in which the Java heap is
#     placed in the first 4GB address space. The Java Heap base address is the
#     maximum limit for the native heap growth. Please use -XX:HeapBaseMinAddress
#     to set the Java Heap base and to place the Java Heap above 4GB virtual address.
# This output file may be truncated or incomplete.
#
#  Out of Memory Error (arena.cpp:149), pid=19476, tid=20620
#
# JRE version: Java(TM) SE Runtime Environment (23.0.2+7) (build 23.0.2+7-58)
# Java VM: Java HotSpot(TM) 64-Bit Server VM (23.0.2+7-58, mixed mode, sharing, tiered, compressed oops, compressed class ptrs, g1 gc, windows-amd64)
# No core dump will be written. Minidumps are not enabled by default on client versions of Windows
#

---------------  S U M M A R Y ------------

Command Line: -javaagent:C:\Program Files\JetBrains\IntelliJ IDEA Community Edition 2024.3.2.1\lib\idea_rt.jar=50444:C:\Program Files\JetBrains\IntelliJ IDEA Community Edition 2024.3.2.1\bin -Dfile.encoding=UTF-8 -Dsun.stdout.encoding=UTF-8 -Dsun.stderr.encoding=UTF-8 com.example.rh_tech.RhTechApplication

Host: 12th Gen Intel(R) Core(TM) i3-1215U, 8 cores, 3G,  Windows 11 , 64 bit Build 26100 (10.0.26100.4202)
Time: Sun Jun 15 15:40:44 2025 Hora oficial do Brasil elapsed time: 73.744997 seconds (0d 0h 1m 13s)

---------------  T H R E A D  ---------------

Current thread (0x0000013520dd3710):  JavaThread "C2 CompilerThread0" daemon [_thread_in_native, id=20620, stack(0x0000000161b00000,0x0000000161c00000) (1024K)]


Current CompileTask:
C2:73754 6151       4       org.springframework.core.ResolvableType::hasGenerics (14 bytes)

Stack: [0x0000000161b00000,0x0000000161c00000]
Native frames: (J=compiled Java code, j=interpreted, Vv=VM code, C=native code)
V  [jvm.dll+0x6e0b99]  (no source info available)
V  [jvm.dll+0x87e2b3]  (no source info available)
V  [jvm.dll+0x88073e]  (no source info available)
V  [jvm.dll+0x880e13]  (no source info available)
V  [jvm.dll+0x27b006]  (no source info available)
V  [jvm.dll+0xbc06f]  (no source info available)
V  [jvm.dll+0xbc2cb]  (no source info available)
V  [jvm.dll+0x2eea6d]  (no source info available)
V  [jvm.dll+0x606669]  (no source info available)
V  [jvm.dll+0x24def2]  (no source info available)
V  [jvm.dll+0x24681d]  (no source info available)
V  [jvm.dll+0x243e04]  (no source info available)
V  [jvm.dll+0x1c34b0]  (no source info available)
V  [jvm.dll+0x253df1]  (no source info available)
V  [jvm.dll+0x2520aa]  (no source info available)
V  [jvm.dll+0x3ee226]  (no source info available)
V  [jvm.dll+0x8254cb]  (no source info available)
V  [jvm.dll+0x6df345]  (no source info available)
C  [ucrtbase.dll+0x37b0]  (no source info available)
C  [KERNEL32.DLL+0x2e8d7]  (no source info available)
C  [ntdll.dll+0x3c34c]  (no source info available)

Lock stack of current Java thread (top to bottom):


---------------  P R O C E S S  ---------------

Threads class SMR info:
_java_thread_list=0x0000013567a4d850, length=29, elements={
0x0000013520db4e20, 0x0000013520db5a80, 0x0000013520db6da0, 0x0000013520db7a00,
0x0000013520dbb480, 0x0000013520dbdef0, 0x0000013520dd3710, 0x0000013520df6050,
0x00000135660a9eb0, 0x000001356630fab0, 0x0000013566313280, 0x00000135695c47e0,
0x0000013566819e10, 0x000001356681a480, 0x00000135695ac390, 0x00000135695ae460,
0x00000135695ad0b0, 0x00000135695ad740, 0x00000135695addd0, 0x0000013569e2ed80,
0x0000013569e2faa0, 0x0000013569e2e6f0, 0x0000013569e2e060, 0x0000013569e30e50,
0x0000013569e2f410, 0x0000013569e30130, 0x0000013569e307c0, 0x0000013569e314e0,
0x000001356a5be2d0
}

Java Threads: ( => current thread )
  0x0000013520db4e20 JavaThread "Reference Handler"          daemon [_thread_blocked, id=13684, stack(0x0000000161500000,0x0000000161600000) (1024K)]
  0x0000013520db5a80 JavaThread "Finalizer"                  daemon [_thread_blocked, id=16344, stack(0x0000000161600000,0x0000000161700000) (1024K)]
  0x0000013520db6da0 JavaThread "Signal Dispatcher"          daemon [_thread_blocked, id=15652, stack(0x0000000161700000,0x0000000161800000) (1024K)]
  0x0000013520db7a00 JavaThread "Attach Listener"            daemon [_thread_blocked, id=21168, stack(0x0000000161800000,0x0000000161900000) (1024K)]
  0x0000013520dbb480 JavaThread "Service Thread"             daemon [_thread_blocked, id=17092, stack(0x0000000161900000,0x0000000161a00000) (1024K)]
  0x0000013520dbdef0 JavaThread "Monitor Deflation Thread"   daemon [_thread_blocked, id=17720, stack(0x0000000161a00000,0x0000000161b00000) (1024K)]
=>0x0000013520dd3710 JavaThread "C2 CompilerThread0"         daemon [_thread_in_native, id=20620, stack(0x0000000161b00000,0x0000000161c00000) (1024K)]
  0x0000013520df6050 JavaThread "C1 CompilerThread0"         daemon [_thread_blocked, id=22472, stack(0x0000000161c00000,0x0000000161d00000) (1024K)]
  0x00000135660a9eb0 JavaThread "Common-Cleaner"             daemon [_thread_blocked, id=23108, stack(0x0000000161d00000,0x0000000161e00000) (1024K)]
  0x000001356630fab0 JavaThread "Monitor Ctrl-Break"         daemon [_thread_in_native, id=18268, stack(0x0000000161e00000,0x0000000161f00000) (1024K)]
  0x0000013566313280 JavaThread "Notification Thread"        daemon [_thread_blocked, id=1920, stack(0x0000000161f00000,0x0000000162000000) (1024K)]
  0x00000135695c47e0 JavaThread "Catalina-utility-1"                [_thread_blocked, id=8188, stack(0x0000000162800000,0x0000000162900000) (1024K)]
  0x0000013566819e10 JavaThread "Catalina-utility-2"                [_thread_blocked, id=8244, stack(0x0000000162900000,0x0000000162a00000) (1024K)]
  0x000001356681a480 JavaThread "container-0"                       [_thread_blocked, id=19852, stack(0x0000000162a00000,0x0000000162b00000) (1024K)]
  0x00000135695ac390 JavaThread "mysql-cj-abandoned-connection-cleanup" daemon [_thread_blocked, id=19728, stack(0x0000000162b00000,0x0000000162c00000) (1024K)]
  0x00000135695ae460 JavaThread "HikariPool-1:housekeeper"   daemon [_thread_blocked, id=15032, stack(0x0000000162e00000,0x0000000162f00000) (1024K)]
  0x00000135695ad0b0 JavaThread "http-nio-8080-exec-1"       daemon [_thread_blocked, id=20500, stack(0x0000000162d00000,0x0000000162e00000) (1024K)]
  0x00000135695ad740 JavaThread "http-nio-8080-exec-2"       daemon [_thread_in_Java, id=17256, stack(0x0000000163000000,0x0000000163100000) (1024K)]
  0x00000135695addd0 JavaThread "http-nio-8080-exec-3"       daemon [_thread_blocked, id=23332, stack(0x0000000163100000,0x0000000163200000) (1024K)]
  0x0000013569e2ed80 JavaThread "http-nio-8080-exec-4"       daemon [_thread_blocked, id=9984, stack(0x0000000163200000,0x0000000163300000) (1024K)]
  0x0000013569e2faa0 JavaThread "http-nio-8080-exec-5"       daemon [_thread_blocked, id=14496, stack(0x0000000163300000,0x0000000163400000) (1024K)]
  0x0000013569e2e6f0 JavaThread "http-nio-8080-exec-6"       daemon [_thread_blocked, id=17624, stack(0x0000000163400000,0x0000000163500000) (1024K)]
  0x0000013569e2e060 JavaThread "http-nio-8080-exec-7"       daemon [_thread_blocked, id=15900, stack(0x0000000163500000,0x0000000163600000) (1024K)]
  0x0000013569e30e50 JavaThread "http-nio-8080-exec-8"       daemon [_thread_blocked, id=10364, stack(0x0000000163600000,0x0000000163700000) (1024K)]
  0x0000013569e2f410 JavaThread "http-nio-8080-exec-9"       daemon [_thread_blocked, id=22568, stack(0x0000000163700000,0x0000000163800000) (1024K)]
  0x0000013569e30130 JavaThread "http-nio-8080-exec-10"      daemon [_thread_blocked, id=22984, stack(0x0000000163800000,0x0000000163900000) (1024K)]
  0x0000013569e307c0 JavaThread "http-nio-8080-Poller"       daemon [_thread_in_native, id=17500, stack(0x0000000163900000,0x0000000163a00000) (1024K)]
  0x0000013569e314e0 JavaThread "http-nio-8080-Acceptor"     daemon [_thread_in_native, id=9860, stack(0x0000000163a00000,0x0000000163b00000) (1024K)]
  0x000001356a5be2d0 JavaThread "DestroyJavaVM"                     [_thread_blocked, id=20520, stack(0x0000000160d00000,0x0000000160e00000) (1024K)]
Total: 29

Other Threads:
  0x0000013520d9cbd0 VMThread "VM Thread"                           [id=19640, stack(0x0000000161400000,0x0000000161500000) (1024K)]
  0x0000013520d8a9a0 WatcherThread "VM Periodic Task Thread"        [id=18940, stack(0x0000000161300000,0x0000000161400000) (1024K)]
  0x00000135056ec920 WorkerThread "GC Thread#0"                     [id=17848, stack(0x0000000160e00000,0x0000000160f00000) (1024K)]
  0x0000013566d752a0 WorkerThread "GC Thread#1"                     [id=22440, stack(0x0000000162000000,0x0000000162100000) (1024K)]
  0x0000013566d8b000 WorkerThread "GC Thread#2"                     [id=9968, stack(0x0000000162100000,0x0000000162200000) (1024K)]
  0x0000013566d8b3b0 WorkerThread "GC Thread#3"                     [id=12572, stack(0x0000000162200000,0x0000000162300000) (1024K)]
  0x0000013566d8b760 WorkerThread "GC Thread#4"                     [id=19104, stack(0x0000000162300000,0x0000000162400000) (1024K)]
  0x0000013566d8bf20 WorkerThread "GC Thread#5"                     [id=9664, stack(0x0000000162400000,0x0000000162500000) (1024K)]
  0x0000013566d8d2e0 WorkerThread "GC Thread#6"                     [id=21448, stack(0x0000000162500000,0x0000000162600000) (1024K)]
  0x00000135671569c0 WorkerThread "GC Thread#7"                     [id=8480, stack(0x0000000162700000,0x0000000162800000) (1024K)]
  0x0000013505704220 ConcurrentGCThread "G1 Main Marker"            [id=11848, stack(0x0000000160f00000,0x0000000161000000) (1024K)]
  0x0000013505706380 WorkerThread "G1 Conc#0"                       [id=1820, stack(0x0000000161000000,0x0000000161100000) (1024K)]
  0x00000135678bcd70 WorkerThread "G1 Conc#1"                       [id=4552, stack(0x0000000162600000,0x0000000162700000) (1024K)]
  0x0000013520c610a0 ConcurrentGCThread "G1 Refine#0"               [id=19356, stack(0x0000000161100000,0x0000000161200000) (1024K)]
  0x0000013520c618d0 ConcurrentGCThread "G1 Service"                [id=7492, stack(0x0000000161200000,0x0000000161300000) (1024K)]
Total: 15

Threads with active compile tasks:
C2 CompilerThread0  74304 6151       4       org.springframework.core.ResolvableType::hasGenerics (14 bytes)
Total: 1

VM state: not at safepoint (normal execution)

VM Mutex/Monitor currently owned by a thread: None

Heap address: 0x00000000c4400000, size: 956 MB, Compressed Oops mode: 32-bit

CDS archive(s) mapped at: [0x0000013521000000-0x0000013521d70000-0x0000013521d70000), size 14090240, SharedBaseAddress: 0x0000013521000000, ArchiveRelocationMode: 1.
Compressed class space mapped at: 0x0000013522000000-0x0000013562000000, reserved size: 1073741824
Narrow klass base: 0x0000013521000000, Narrow klass shift: 0, Narrow klass range: 0x41000000

GC Precious Log:
 CardTable entry size: 512
 Card Set container configuration: InlinePtr #cards 5 size 8 Array Of Cards #cards 10 size 36 Howl #buckets 4 coarsen threshold 1843 Howl Bitmap #cards 512 size 80 coarsen threshold 460 Card regions per heap region 1 cards per card region 2048
 CPUs: 8 total, 8 available
 Memory: 3820M
 Large Page Support: Disabled
 NUMA Support: Disabled
 Compressed Oops: Enabled (32-bit)
 Heap Region Size: 1M
 Heap Min Capacity: 8M
 Heap Initial Capacity: 60M
 Heap Max Capacity: 956M
 Pre-touch: Disabled
 Parallel Workers: 8
 Concurrent Workers: 2
 Concurrent Refinement Workers: 8
 Periodic GC: Disabled

Heap:
 garbage-first heap   total reserved 978944K, committed 51200K, used 30623K [0x00000000c4400000, 0x0000000100000000)
  region size 1024K, 3 young (3072K), 2 survivors (2048K)
 Metaspace       used 64722K, committed 65408K, reserved 1114112K
  class space    used 8991K, committed 9280K, reserved 1048576K

Heap Regions: E=young(eden), S=young(survivor), O=old, HS=humongous(starts), HC=humongous(continues), CS=collection set, F=free, TAMS=top-at-mark-start, PB=parsable bottom
|   0|0x00000000c4400000, 0x00000000c4500000, 0x00000000c4500000|100%|HS|  |TAMS 0x00000000c4400000| PB 0x00000000c4400000| Complete |  0
|   1|0x00000000c4500000, 0x00000000c4600000, 0x00000000c4600000|100%|HS|  |TAMS 0x00000000c4500000| PB 0x00000000c4500000| Complete |  0
|   2|0x00000000c4600000, 0x00000000c4700000, 0x00000000c4700000|100%| O|  |TAMS 0x00000000c4600000| PB 0x00000000c4600000| Untracked |  0
|   3|0x00000000c4700000, 0x00000000c4800000, 0x00000000c4800000|100%| O|  |TAMS 0x00000000c4700000| PB 0x00000000c4700000| Untracked |  0
|   4|0x00000000c4800000, 0x00000000c4900000, 0x00000000c4900000|100%| O|  |TAMS 0x00000000c4800000| PB 0x00000000c4800000| Untracked |  0
|   5|0x00000000c4900000, 0x00000000c4a00000, 0x00000000c4a00000|100%| O|  |TAMS 0x00000000c4900000| PB 0x00000000c4900000| Untracked |  0
|   6|0x00000000c4a00000, 0x00000000c4b00000, 0x00000000c4b00000|100%| O|  |TAMS 0x00000000c4a00000| PB 0x00000000c4a00000| Untracked |  0
|   7|0x00000000c4b00000, 0x00000000c4c00000, 0x00000000c4c00000|100%| O|  |TAMS 0x00000000c4b00000| PB 0x00000000c4b00000| Untracked |  0
|   8|0x00000000c4c00000, 0x00000000c4d00000, 0x00000000c4d00000|100%| O|  |TAMS 0x00000000c4c00000| PB 0x00000000c4c00000| Untracked |  0
|   9|0x00000000c4d00000, 0x00000000c4e00000, 0x00000000c4e00000|100%| O|  |TAMS 0x00000000c4d00000| PB 0x00000000c4d00000| Untracked |  0
|  10|0x00000000c4e00000, 0x00000000c4f00000, 0x00000000c4f00000|100%| O|  |TAMS 0x00000000c4e00000| PB 0x00000000c4e00000| Untracked |  0
|  11|0x00000000c4f00000, 0x00000000c5000000, 0x00000000c5000000|100%| O|  |TAMS 0x00000000c4f00000| PB 0x00000000c4f00000| Untracked |  0
|  12|0x00000000c5000000, 0x00000000c5100000, 0x00000000c5100000|100%| O|  |TAMS 0x00000000c5000000| PB 0x00000000c5000000| Untracked |  0
|  13|0x00000000c5100000, 0x00000000c5200000, 0x00000000c5200000|100%| O|  |TAMS 0x00000000c5100000| PB 0x00000000c5100000| Untracked |  0
|  14|0x00000000c5200000, 0x00000000c5300000, 0x00000000c5300000|100%| O|  |TAMS 0x00000000c5200000| PB 0x00000000c5200000| Untracked |  0
|  15|0x00000000c5300000, 0x00000000c5400000, 0x00000000c5400000|100%| O|  |TAMS 0x00000000c5300000| PB 0x00000000c5300000| Untracked |  0
|  16|0x00000000c5400000, 0x00000000c5500000, 0x00000000c5500000|100%| O|  |TAMS 0x00000000c5400000| PB 0x00000000c5400000| Untracked |  0
|  17|0x00000000c5500000, 0x00000000c5600000, 0x00000000c5600000|100%| O|  |TAMS 0x00000000c5500000| PB 0x00000000c5500000| Untracked |  0
|  18|0x00000000c5600000, 0x00000000c5700000, 0x00000000c5700000|100%| O|  |TAMS 0x00000000c5600000| PB 0x00000000c5600000| Untracked |  0
|  19|0x00000000c5700000, 0x00000000c5800000, 0x00000000c5800000|100%| O|  |TAMS 0x00000000c5700000| PB 0x00000000c5700000| Untracked |  0
|  20|0x00000000c5800000, 0x00000000c5900000, 0x00000000c5900000|100%| O|  |TAMS 0x00000000c5800000| PB 0x00000000c5800000| Untracked |  0
|  21|0x00000000c5900000, 0x00000000c5900000, 0x00000000c5a00000|  0%| F|  |TAMS 0x00000000c5900000| PB 0x00000000c5900000| Untracked |  0
|  22|0x00000000c5a00000, 0x00000000c5b00000, 0x00000000c5b00000|100%| O|  |TAMS 0x00000000c5a00000| PB 0x00000000c5a00000| Untracked |  0
|  23|0x00000000c5b00000, 0x00000000c5c00000, 0x00000000c5c00000|100%| O|  |TAMS 0x00000000c5b00000| PB 0x00000000c5b00000| Untracked |  0
|  24|0x00000000c5c00000, 0x00000000c5d00000, 0x00000000c5d00000|100%| O|  |TAMS 0x00000000c5c00000| PB 0x00000000c5c00000| Untracked |  0
|  25|0x00000000c5d00000, 0x00000000c5e00000, 0x00000000c5e00000|100%| O|  |TAMS 0x00000000c5d00000| PB 0x00000000c5d00000| Untracked |  0
|  26|0x00000000c5e00000, 0x00000000c5f00000, 0x00000000c5f00000|100%| O|  |TAMS 0x00000000c5e00000| PB 0x00000000c5e00000| Untracked |  0
|  27|0x00000000c5f00000, 0x00000000c6000000, 0x00000000c6000000|100%| O|  |TAMS 0x00000000c5f00000| PB 0x00000000c5f00000| Untracked |  0
|  28|0x00000000c6000000, 0x00000000c6000000, 0x00000000c6100000|  0%| F|  |TAMS 0x00000000c6000000| PB 0x00000000c6000000| Untracked |  0
|  29|0x00000000c6100000, 0x00000000c6100000, 0x00000000c6200000|  0%| F|  |TAMS 0x00000000c6100000| PB 0x00000000c6100000| Untracked |  0
|  30|0x00000000c6200000, 0x00000000c6200000, 0x00000000c6300000|  0%| F|  |TAMS 0x00000000c6200000| PB 0x00000000c6200000| Untracked |  0
|  31|0x00000000c6300000, 0x00000000c63fc558, 0x00000000c6400000| 98%| O|  |TAMS 0x00000000c6300000| PB 0x00000000c6300000| Untracked |  0
|  32|0x00000000c6400000, 0x00000000c6400000, 0x00000000c6500000|  0%| F|  |TAMS 0x00000000c6400000| PB 0x00000000c6400000| Untracked |  0
|  33|0x00000000c6500000, 0x00000000c65eb910, 0x00000000c6600000| 92%| S|CS|TAMS 0x00000000c6500000| PB 0x00000000c6500000| Complete |  0
|  34|0x00000000c6600000, 0x00000000c6700000, 0x00000000c6700000|100%| S|CS|TAMS 0x00000000c6600000| PB 0x00000000c6600000| Complete |  0
|  35|0x00000000c6700000, 0x00000000c6700000, 0x00000000c6800000|  0%| F|  |TAMS 0x00000000c6700000| PB 0x00000000c6700000| Untracked |  0
|  36|0x00000000c6800000, 0x00000000c6800000, 0x00000000c6900000|  0%| F|  |TAMS 0x00000000c6800000| PB 0x00000000c6800000| Untracked |  0
|  37|0x00000000c6900000, 0x00000000c6900000, 0x00000000c6a00000|  0%| F|  |TAMS 0x00000000c6900000| PB 0x00000000c6900000| Untracked |  0
|  38|0x00000000c6a00000, 0x00000000c6a00000, 0x00000000c6b00000|  0%| F|  |TAMS 0x00000000c6a00000| PB 0x00000000c6a00000| Untracked |  0
|  39|0x00000000c6b00000, 0x00000000c6b00000, 0x00000000c6c00000|  0%| F|  |TAMS 0x00000000c6b00000| PB 0x00000000c6b00000| Untracked |  0
|  40|0x00000000c6c00000, 0x00000000c6c00000, 0x00000000c6d00000|  0%| F|  |TAMS 0x00000000c6c00000| PB 0x00000000c6c00000| Untracked |  0
|  41|0x00000000c6d00000, 0x00000000c6d00000, 0x00000000c6e00000|  0%| F|  |TAMS 0x00000000c6d00000| PB 0x00000000c6d00000| Untracked |  0
|  42|0x00000000c6e00000, 0x00000000c6e00000, 0x00000000c6f00000|  0%| F|  |TAMS 0x00000000c6e00000| PB 0x00000000c6e00000| Untracked |  0
|  43|0x00000000c6f00000, 0x00000000c6f00000, 0x00000000c7000000|  0%| F|  |TAMS 0x00000000c6f00000| PB 0x00000000c6f00000| Untracked |  0
|  44|0x00000000c7000000, 0x00000000c7000000, 0x00000000c7100000|  0%| F|  |TAMS 0x00000000c7000000| PB 0x00000000c7000000| Untracked |  0
|  45|0x00000000c7100000, 0x00000000c7100000, 0x00000000c7200000|  0%| F|  |TAMS 0x00000000c7100000| PB 0x00000000c7100000| Untracked |  0
|  46|0x00000000c7200000, 0x00000000c7200000, 0x00000000c7300000|  0%| F|  |TAMS 0x00000000c7200000| PB 0x00000000c7200000| Untracked |  0
|  47|0x00000000c7300000, 0x00000000c7300000, 0x00000000c7400000|  0%| F|  |TAMS 0x00000000c7300000| PB 0x00000000c7300000| Untracked |  0
|  48|0x00000000c7400000, 0x00000000c7400000, 0x00000000c7500000|  0%| F|  |TAMS 0x00000000c7400000| PB 0x00000000c7400000| Untracked |  0
|  59|0x00000000c7f00000, 0x00000000c7f608e0, 0x00000000c8000000| 37%| E|  |TAMS 0x00000000c7f00000| PB 0x00000000c7f00000| Complete |  0

Card table byte_map: [0x000001351d300000,0x000001351d4e0000] _byte_map_base: 0x000001351ccde000

Marking Bits: (CMBitMap*) 0x00000135056ed030
 Bits: [0x000001351d4e0000, 0x000001351e3d0000)

Polling page: 0x0000013503460000

Metaspace:

Usage:
  Non-class:     54.42 MB used.
      Class:      8.78 MB used.
       Both:     63.21 MB used.

Virtual space:
  Non-class space:       64.00 MB reserved,      54.81 MB ( 86%) committed,  1 nodes.
      Class space:        1.00 GB reserved,       9.06 MB ( <1%) committed,  1 nodes.
             Both:        1.06 GB reserved,      63.88 MB (  6%) committed. 

Chunk freelists:
   Non-Class:  9.03 MB
       Class:  6.89 MB
        Both:  15.92 MB

MaxMetaspaceSize: unlimited
CompressedClassSpaceSize: 1.00 GB
Initial GC threshold: 21.00 MB
Current GC threshold: 98.56 MB
CDS: on
 - commit_granule_bytes: 65536.
 - commit_granule_words: 8192.
 - virtual_space_node_default_size: 8388608.
 - enlarge_chunks_in_place: 1.
 - use_allocation_guard: 0.


Internal statistics:

num_allocs_failed_limit: 9.
num_arena_births: 976.
num_arena_deaths: 0.
num_vsnodes_births: 2.
num_vsnodes_deaths: 0.
num_space_committed: 1022.
num_space_uncommitted: 0.
num_chunks_returned_to_freelist: 9.
num_chunks_taken_from_freelist: 3324.
num_chunk_merges: 9.
num_chunk_splits: 2378.
num_chunks_enlarged: 1845.
num_inconsistent_stats: 0.

CodeHeap 'non-profiled nmethods': size=120064Kb used=2566Kb max_used=2566Kb free=117497Kb
 bounds [0x00000135158b0000, 0x0000013515b40000, 0x000001351cdf0000]
CodeHeap 'profiled nmethods': size=120000Kb used=8386Kb max_used=8411Kb free=111613Kb
 bounds [0x000001350ddf0000, 0x000001350e630000, 0x0000013515320000]
CodeHeap 'non-nmethods': size=5696Kb used=1682Kb max_used=1725Kb free=4013Kb
 bounds [0x0000013515320000, 0x0000013515590000, 0x00000135158b0000]
CodeCache: size=245760Kb, used=12634Kb, max_used=12702Kb, free=233123Kb
 total_blobs=6231, nmethods=5496, adapters=640, full_count=0
Compilation: enabled, stopped_count=0, restarted_count=0

Compilation events (20 events):
Event: 72.119 Thread 0x0000013520dd3710 nmethod 6146% 0x0000013515b2f008 code [0x0000013515b2f280, 0x0000013515b30cb0]
Event: 72.174 Thread 0x0000013520df6050 6148       3       java.time.format.DateTimePrintContext::getValue (36 bytes)
Event: 72.175 Thread 0x0000013520df6050 nmethod 6148 0x000001350e372488 code [0x000001350e3725e0, 0x000001350e372960]
Event: 72.175 Thread 0x0000013520df6050 6149       3       java.time.ZonedDateTime::getLong (83 bytes)
Event: 72.177 Thread 0x0000013520df6050 nmethod 6149 0x000001350e371c88 code [0x000001350e371e00, 0x000001350e372428]
Event: 72.200 Thread 0x0000013520dd3710 6150       4       org.springframework.core.ResolvableType::isInstance (21 bytes)
Event: 72.225 Thread 0x0000013520dd3710 nmethod 6150 0x0000013515b30d88 code [0x0000013515b30ee0, 0x0000013515b31160]
Event: 72.285 Thread 0x0000013520dd3710 6151       4       org.springframework.core.ResolvableType::hasGenerics (14 bytes)
Event: 72.323 Thread 0x0000013520df6050 6152       1       org.apache.tomcat.util.http.MimeHeaderField::getName (5 bytes)
Event: 72.323 Thread 0x0000013520df6050 nmethod 6152 0x0000013515b31208 code [0x0000013515b31320, 0x0000013515b313e8]
Event: 72.496 Thread 0x0000013520df6050 6153       3       java.util.TreeMap::navigableKeySet (27 bytes)
Event: 72.497 Thread 0x0000013520df6050 nmethod 6153 0x000001350e371708 code [0x000001350e371840, 0x000001350e371c20]
Event: 72.497 Thread 0x0000013520df6050 6154       3       java.util.TreeMap$KeySet::iterator (32 bytes)
Event: 72.499 Thread 0x0000013520df6050 nmethod 6154 0x000001350e370e08 code [0x000001350e370f80, 0x000001350e371678]
Event: 72.499 Thread 0x0000013520df6050 6155       3       java.util.TreeMap$KeyIterator::<init> (7 bytes)
Event: 72.499 Thread 0x0000013520df6050 nmethod 6155 0x000001350e370988 code [0x000001350e370ac0, 0x000001350e370d78]
Event: 72.525 Thread 0x0000013520df6050 6156       3       java.util.concurrent.atomic.AtomicReferenceArray::lazySet (13 bytes)
Event: 72.529 Thread 0x0000013520df6050 nmethod 6156 0x000001350e3b4908 code [0x000001350e3b4b60, 0x000001350e3b5b68]
Event: 72.530 Thread 0x0000013520df6050 6157       3       java.lang.invoke.VarHandleGuards::guard_LIL_V (135 bytes)
Event: 72.536 Thread 0x0000013520df6050 nmethod 6157 0x000001350e3b2008 code [0x000001350e3b23a0, 0x000001350e3b4868]

GC Heap History (20 events):
Event: 7.162 GC heap before
{Heap before GC invocations=5 (full 0):
 garbage-first heap   total reserved 978944K, committed 51200K, used 42464K [0x00000000c4400000, 0x0000000100000000)
  region size 1024K, 29 young (29696K), 2 survivors (2048K)
 Metaspace       used 25352K, committed 25728K, reserved 1114112K
  class space    used 3229K, committed 3392K, reserved 1048576K
}
Event: 7.167 GC heap after
{Heap after GC invocations=6 (full 0):
 garbage-first heap   total reserved 978944K, committed 51200K, used 16641K [0x00000000c4400000, 0x0000000100000000)
  region size 1024K, 4 young (4096K), 4 survivors (4096K)
 Metaspace       used 25352K, committed 25728K, reserved 1114112K
  class space    used 3229K, committed 3392K, reserved 1048576K
}
Event: 8.948 GC heap before
{Heap before GC invocations=6 (full 0):
 garbage-first heap   total reserved 978944K, committed 51200K, used 38145K [0x00000000c4400000, 0x0000000100000000)
  region size 1024K, 25 young (25600K), 4 survivors (4096K)
 Metaspace       used 30199K, committed 30720K, reserved 1114112K
  class space    used 3881K, committed 4096K, reserved 1048576K
}
Event: 8.957 GC heap after
{Heap after GC invocations=7 (full 0):
 garbage-first heap   total reserved 978944K, committed 51200K, used 18758K [0x00000000c4400000, 0x0000000100000000)
  region size 1024K, 3 young (3072K), 3 survivors (3072K)
 Metaspace       used 30199K, committed 30720K, reserved 1114112K
  class space    used 3881K, committed 4096K, reserved 1048576K
}
Event: 9.752 GC heap before
{Heap before GC invocations=7 (full 0):
 garbage-first heap   total reserved 978944K, committed 51200K, used 38214K [0x00000000c4400000, 0x0000000100000000)
  region size 1024K, 23 young (23552K), 3 survivors (3072K)
 Metaspace       used 35565K, committed 36096K, reserved 1114112K
  class space    used 4692K, committed 4928K, reserved 1048576K
}
Event: 9.755 GC heap after
{Heap after GC invocations=8 (full 0):
 garbage-first heap   total reserved 978944K, committed 51200K, used 20554K [0x00000000c4400000, 0x0000000100000000)
  region size 1024K, 2 young (2048K), 2 survivors (2048K)
 Metaspace       used 35565K, committed 36096K, reserved 1114112K
  class space    used 4692K, committed 4928K, reserved 1048576K
}
Event: 9.757 GC heap before
{Heap before GC invocations=8 (full 0):
 garbage-first heap   total reserved 978944K, committed 51200K, used 20554K [0x00000000c4400000, 0x0000000100000000)
  region size 1024K, 3 young (3072K), 2 survivors (2048K)
 Metaspace       used 35616K, committed 36096K, reserved 1114112K
  class space    used 4695K, committed 4928K, reserved 1048576K
}
Event: 9.759 GC heap after
{Heap after GC invocations=9 (full 0):
 garbage-first heap   total reserved 978944K, committed 51200K, used 20524K [0x00000000c4400000, 0x0000000100000000)
  region size 1024K, 2 young (2048K), 2 survivors (2048K)
 Metaspace       used 35616K, committed 36096K, reserved 1114112K
  class space    used 4695K, committed 4928K, reserved 1048576K
}
Event: 11.393 GC heap before
{Heap before GC invocations=10 (full 0):
 garbage-first heap   total reserved 978944K, committed 51200K, used 42028K [0x00000000c4400000, 0x0000000100000000)
  region size 1024K, 24 young (24576K), 2 survivors (2048K)
 Metaspace       used 41530K, committed 42048K, reserved 1114112K
  class space    used 5565K, committed 5824K, reserved 1048576K
}
Event: 11.396 GC heap after
{Heap after GC invocations=11 (full 0):
 garbage-first heap   total reserved 978944K, committed 51200K, used 22477K [0x00000000c4400000, 0x0000000100000000)
  region size 1024K, 3 young (3072K), 3 survivors (3072K)
 Metaspace       used 41530K, committed 42048K, reserved 1114112K
  class space    used 5565K, committed 5824K, reserved 1048576K
}
Event: 11.774 GC heap before
{Heap before GC invocations=11 (full 0):
 garbage-first heap   total reserved 978944K, committed 51200K, used 41933K [0x00000000c4400000, 0x0000000100000000)
  region size 1024K, 23 young (23552K), 3 survivors (3072K)
 Metaspace       used 46760K, committed 47296K, reserved 1114112K
  class space    used 6256K, committed 6464K, reserved 1048576K
}
Event: 11.777 GC heap after
{Heap after GC invocations=12 (full 0):
 garbage-first heap   total reserved 978944K, committed 51200K, used 23730K [0x00000000c4400000, 0x0000000100000000)
  region size 1024K, 2 young (2048K), 2 survivors (2048K)
 Metaspace       used 46760K, committed 47296K, reserved 1114112K
  class space    used 6256K, committed 6464K, reserved 1048576K
}
Event: 12.178 GC heap before
{Heap before GC invocations=12 (full 0):
 garbage-first heap   total reserved 978944K, committed 51200K, used 43186K [0x00000000c4400000, 0x0000000100000000)
  region size 1024K, 22 young (22528K), 2 survivors (2048K)
 Metaspace       used 52857K, committed 53440K, reserved 1114112K
  class space    used 7287K, committed 7552K, reserved 1048576K
}
Event: 12.180 GC heap after
{Heap after GC invocations=13 (full 0):
 garbage-first heap   total reserved 978944K, committed 51200K, used 24810K [0x00000000c4400000, 0x0000000100000000)
  region size 1024K, 3 young (3072K), 3 survivors (3072K)
 Metaspace       used 52857K, committed 53440K, reserved 1114112K
  class space    used 7287K, committed 7552K, reserved 1048576K
}
Event: 13.763 GC heap before
{Heap before GC invocations=13 (full 0):
 garbage-first heap   total reserved 978944K, committed 51200K, used 44266K [0x00000000c4400000, 0x0000000100000000)
  region size 1024K, 22 young (22528K), 3 survivors (3072K)
 Metaspace       used 57699K, committed 58304K, reserved 1114112K
  class space    used 7884K, committed 8128K, reserved 1048576K
}
Event: 13.766 GC heap after
{Heap after GC invocations=14 (full 0):
 garbage-first heap   total reserved 978944K, committed 51200K, used 26241K [0x00000000c4400000, 0x0000000100000000)
  region size 1024K, 3 young (3072K), 3 survivors (3072K)
 Metaspace       used 57699K, committed 58304K, reserved 1114112K
  class space    used 7884K, committed 8128K, reserved 1048576K
}
Event: 14.029 GC heap before
{Heap before GC invocations=14 (full 0):
 garbage-first heap   total reserved 978944K, committed 51200K, used 37505K [0x00000000c4400000, 0x0000000100000000)
  region size 1024K, 15 young (15360K), 3 survivors (3072K)
 Metaspace       used 59877K, committed 60416K, reserved 1114112K
  class space    used 8236K, committed 8448K, reserved 1048576K
}
Event: 14.032 GC heap after
{Heap after GC invocations=15 (full 0):
 garbage-first heap   total reserved 978944K, committed 51200K, used 27298K [0x00000000c4400000, 0x0000000100000000)
  region size 1024K, 3 young (3072K), 3 survivors (3072K)
 Metaspace       used 59877K, committed 60416K, reserved 1114112K
  class space    used 8236K, committed 8448K, reserved 1048576K
}
Event: 14.398 GC heap before
{Heap before GC invocations=16 (full 0):
 garbage-first heap   total reserved 978944K, committed 51200K, used 43682K [0x00000000c4400000, 0x0000000100000000)
  region size 1024K, 19 young (19456K), 3 survivors (3072K)
 Metaspace       used 61812K, committed 62528K, reserved 1114112K
  class space    used 8563K, committed 8896K, reserved 1048576K
}
Event: 14.402 GC heap after
{Heap after GC invocations=17 (full 0):
 garbage-first heap   total reserved 978944K, committed 51200K, used 29311K [0x00000000c4400000, 0x0000000100000000)
  region size 1024K, 3 young (3072K), 3 survivors (3072K)
 Metaspace       used 61812K, committed 62528K, reserved 1114112K
  class space    used 8563K, committed 8896K, reserved 1048576K
}

Dll operation events (14 events):
Event: 0.111 Loaded shared library C:\Program Files\Java\jdk-23\bin\java.dll
Event: 0.156 Loaded shared library C:\Program Files\Java\jdk-23\bin\jsvml.dll
Event: 0.596 Loaded shared library C:\Program Files\Java\jdk-23\bin\zip.dll
Event: 0.609 Loaded shared library C:\Program Files\Java\jdk-23\bin\instrument.dll
Event: 0.617 Loaded shared library C:\Program Files\Java\jdk-23\bin\net.dll
Event: 0.618 Loaded shared library C:\Program Files\Java\jdk-23\bin\nio.dll
Event: 0.625 Loaded shared library C:\Program Files\Java\jdk-23\bin\zip.dll
Event: 0.933 Loaded shared library C:\Program Files\JetBrains\IntelliJ IDEA Community Edition 2024.3.2.1\bin\breakgen64.dll
Event: 0.963 Loaded shared library C:\Program Files\Java\jdk-23\bin\extnet.dll
Event: 1.064 Loaded shared library C:\Program Files\Java\jdk-23\bin\jimage.dll
Event: 5.625 Loaded shared library C:\Program Files\Java\jdk-23\bin\sunmscapi.dll
Event: 8.603 Loaded shared library C:\Program Files\Java\jdk-23\bin\management.dll
Event: 8.610 Loaded shared library C:\Program Files\Java\jdk-23\bin\management_ext.dll
Event: 9.874 Loaded shared library C:\Program Files\Java\jdk-23\bin\verify.dll

Deoptimization events (20 events):
Event: 14.772 Thread 0x00000135056b3990 Uncommon trap: trap_request=0xffffff45 fr.pc=0x0000013515a4eb78 relative=0x0000000000002638
Event: 14.772 Thread 0x00000135056b3990 Uncommon trap: reason=unstable_if action=reinterpret pc=0x0000013515a4eb78 method=org.springframework.core.annotation.AnnotationsScanner.processClassInheritedAnnotations(Ljava/lang/Object;Ljava/lang/Class;Lorg/springframework/core/annotation/AnnotationsPr
Event: 14.772 Thread 0x00000135056b3990 DEOPT PACKING pc=0x0000013515a4eb78 sp=0x0000000160dfef10
Event: 14.772 Thread 0x00000135056b3990 DEOPT UNPACKING pc=0x0000013515374402 sp=0x0000000160dfee40 mode 2
Event: 14.772 Thread 0x00000135056b3990 Uncommon trap: trap_request=0xffffff45 fr.pc=0x0000013515a23308 relative=0x00000000000038a8
Event: 14.772 Thread 0x00000135056b3990 Uncommon trap: reason=unstable_if action=reinterpret pc=0x0000013515a23308 method=org.springframework.util.ReflectionUtils.lambda$static$0(Ljava/lang/reflect/Method;)Z @ 4 c2
Event: 14.772 Thread 0x00000135056b3990 DEOPT PACKING pc=0x0000013515a23308 sp=0x0000000160dff0d0
Event: 14.772 Thread 0x00000135056b3990 DEOPT UNPACKING pc=0x0000013515374402 sp=0x0000000160dff048 mode 2
Event: 14.773 Thread 0x00000135056b3990 Uncommon trap: trap_request=0xffffff45 fr.pc=0x0000013515b05c20 relative=0x0000000000002600
Event: 14.773 Thread 0x00000135056b3990 Uncommon trap: reason=unstable_if action=reinterpret pc=0x0000013515b05c20 method=org.springframework.util.ReflectionUtils.lambda$static$0(Ljava/lang/reflect/Method;)Z @ 4 c2
Event: 14.773 Thread 0x00000135056b3990 DEOPT PACKING pc=0x0000013515b05c20 sp=0x0000000160dff0f0
Event: 14.773 Thread 0x00000135056b3990 DEOPT UNPACKING pc=0x0000013515374402 sp=0x0000000160dff048 mode 2
Event: 14.776 Thread 0x00000135056b3990 Uncommon trap: trap_request=0xffffff45 fr.pc=0x000001351591365c relative=0x000000000000005c
Event: 14.776 Thread 0x00000135056b3990 Uncommon trap: reason=unstable_if action=reinterpret pc=0x000001351591365c method=org.springframework.util.ConcurrentReferenceHashMap$Segment.clear()V @ 7 c2
Event: 14.777 Thread 0x00000135056b3990 DEOPT PACKING pc=0x000001351591365c sp=0x0000000160dff380
Event: 14.777 Thread 0x00000135056b3990 DEOPT UNPACKING pc=0x0000013515374402 sp=0x0000000160dff310 mode 2
Event: 14.938 Thread 0x00000135056b3990 Uncommon trap: trap_request=0xffffff45 fr.pc=0x0000013515983fa0 relative=0x0000000000000100
Event: 14.938 Thread 0x00000135056b3990 Uncommon trap: reason=unstable_if action=reinterpret pc=0x0000013515983fa0 method=java.util.ArrayList.indexOfRange(Ljava/lang/Object;II)I @ 7 c2
Event: 14.938 Thread 0x00000135056b3990 DEOPT PACKING pc=0x0000013515983fa0 sp=0x0000000160dff100
Event: 14.938 Thread 0x00000135056b3990 DEOPT UNPACKING pc=0x0000013515374402 sp=0x0000000160dff080 mode 2

Classes loaded (20 events):
Event: 69.091 Loading class java/util/concurrent/Semaphore
Event: 69.171 Loading class java/util/concurrent/Semaphore done
Event: 69.173 Loading class java/util/concurrent/Semaphore$NonfairSync
Event: 69.201 Loading class java/util/concurrent/Semaphore$Sync
Event: 69.204 Loading class java/util/concurrent/Semaphore$Sync done
Event: 69.206 Loading class java/util/concurrent/Semaphore$NonfairSync done
Event: 69.220 Loading class sun/nio/ch/SocketAdaptor
Event: 69.290 Loading class sun/nio/ch/SocketAdaptor done
Event: 69.294 Loading class sun/nio/ch/SocketChannelImpl$DefaultOptionsHolder
Event: 69.303 Loading class sun/nio/ch/SocketChannelImpl$DefaultOptionsHolder done
Event: 69.364 Loading class sun/nio/ch/SelectionKeyImpl
Event: 69.393 Loading class java/nio/channels/spi/AbstractSelectionKey
Event: 69.483 Loading class java/nio/channels/SelectionKey
Event: 69.504 Loading class java/nio/channels/SelectionKey done
Event: 69.505 Loading class java/nio/channels/spi/AbstractSelectionKey done
Event: 69.505 Loading class sun/nio/ch/SelectionKeyImpl done
Event: 69.520 Loading class java/lang/invoke/ConstantBootstraps
Event: 69.556 Loading class java/lang/invoke/ConstantBootstraps done
Event: 72.547 Loading class java/util/ArrayList$SubList$2
Event: 72.557 Loading class java/util/ArrayList$SubList$2 done

Classes unloaded (0 events):
No events

Classes redefined (0 events):
No events

Internal exceptions (20 events):
Event: 13.647 Thread 0x00000135056b3990 Implicit null exception at 0x0000013515ac5330 to 0x0000013515ac7068
Event: 13.651 Thread 0x00000135056b3990 Exception <a 'java/lang/IncompatibleClassChangeError'{0x00000000c66b53c0}: Found class java.lang.Object, but interface was expected> (0x00000000c66b53c0) 
thrown [s\open\src\hotspot\share\interpreter\linkResolver.cpp, line 863]
Event: 13.680 Thread 0x00000135056b3990 Exception <a 'java/lang/IncompatibleClassChangeError'{0x00000000c642a388}: Found class java.lang.Object, but interface was expected> (0x00000000c642a388) 
thrown [s\open\src\hotspot\share\interpreter\linkResolver.cpp, line 863]
Event: 13.848 Thread 0x00000135056b3990 Exception <a 'java/lang/IncompatibleClassChangeError'{0x00000000c72d7518}: Found class java.lang.Object, but interface was expected> (0x00000000c72d7518) 
thrown [s\open\src\hotspot\share\interpreter\linkResolver.cpp, line 863]
Event: 13.976 Thread 0x00000135056b3990 Exception <a 'java/lang/IncompatibleClassChangeError'{0x00000000c6ce3d88}: Found class java.lang.Object, but interface was expected> (0x00000000c6ce3d88) 
thrown [s\open\src\hotspot\share\interpreter\linkResolver.cpp, line 863]
Event: 13.977 Thread 0x00000135056b3990 Exception <a 'java/lang/IncompatibleClassChangeError'{0x00000000c6ce9440}: Found class java.lang.Object, but interface was expected> (0x00000000c6ce9440) 
thrown [s\open\src\hotspot\share\interpreter\linkResolver.cpp, line 863]
Event: 14.044 Thread 0x00000135056b3990 Exception <a 'java/lang/NoSuchMethodError'{0x00000000c7f3f5d8}: 'java.lang.Object java.lang.invoke.DirectMethodHandle$Holder.invokeStatic(java.lang.Object, int, java.lang.Object)'> (0x00000000c7f3f5d8) 
thrown [s\open\src\hotspot\share\interpreter\linkResolver.cpp, line 796]
Event: 14.099 Thread 0x00000135056b3990 Exception <a 'java/lang/NoSuchMethodError'{0x00000000c7368aa8}: 'java.lang.Object java.lang.invoke.DirectMethodHandle$Holder.newInvokeSpecial(java.lang.Object, java.lang.Object, java.lang.Object, java.lang.Object, java.lang.Object, java.lang.Object, java.lang.Object, java.lang.Object)'> (0x00000000c7368aa8) 
thrown [s\open\src\hotspot\share\interpreter\linkResolver.cpp, line 796]
Event: 14.281 Thread 0x00000135056b3990 Exception <a 'java/lang/IncompatibleClassChangeError'{0x00000000c6a77da0}: Found class java.lang.Object, but interface was expected> (0x00000000c6a77da0) 
thrown [s\open\src\hotspot\share\interpreter\linkResolver.cpp, line 863]
Event: 14.375 Thread 0x00000135056b3990 Exception <a 'java/lang/NoSuchMethodError'{0x00000000c64e1a28}: 'int java.lang.invoke.DirectMethodHandle$Holder.invokeStaticInit(java.lang.Object, java.lang.Object, java.lang.Object, java.lang.Object)'> (0x00000000c64e1a28) 
thrown [s\open\src\hotspot\share\interpreter\linkResolver.cpp, line 796]
Event: 14.419 Thread 0x00000135056b3990 Exception <a 'java/lang/IncompatibleClassChangeError'{0x00000000c7f71720}: Found class java.lang.Object, but interface was expected> (0x00000000c7f71720) 
thrown [s\open\src\hotspot\share\interpreter\linkResolver.cpp, line 863]
Event: 14.518 Thread 0x00000135056b3990 Exception <a 'java/lang/IncompatibleClassChangeError'{0x00000000c712bf70}: Found class java.lang.Object, but interface was expected> (0x00000000c712bf70) 
thrown [s\open\src\hotspot\share\interpreter\linkResolver.cpp, line 863]
Event: 14.526 Thread 0x00000135056b3990 Exception <a 'java/lang/NoSuchMethodError'{0x00000000c71b7f68}: 'java.lang.Object java.lang.invoke.DirectMethodHandle$Holder.invokeVirtual(java.lang.Object, java.lang.Object, java.lang.Object, java.lang.Object, java.lang.Object, java.lang.Object, java.lang.Object)'> (0x00000000c71b7f68) 
thrown [s\open\src\hotspot\share\interpreter\linkResolver.cpp, line 796]
Event: 14.652 Thread 0x00000135056b3990 Implicit null exception at 0x00000135159ddd22 to 0x00000135159ddd98
Event: 14.779 Thread 0x00000135056b3990 Exception <a 'java/lang/NoSuchMethodError'{0x00000000c6c9b800}: 'java.lang.Object java.lang.invoke.DirectMethodHandle$Holder.newInvokeSpecial(java.lang.Object, java.lang.Object, int, java.lang.Object, java.lang.Object)'> (0x00000000c6c9b800) 
thrown [s\open\src\hotspot\share\interpreter\linkResolver.cpp, line 796]
Event: 68.597 Thread 0x0000013569e314e0 Exception <a 'java/lang/NoSuchMethodError'{0x00000000c6ac42f8}: 'java.lang.Object java.lang.invoke.DirectMethodHandle$Holder.invokeStatic(java.lang.Object, java.lang.Object, java.lang.Object, int, int)'> (0x00000000c6ac42f8) 
thrown [s\open\src\hotspot\share\interpreter\linkResolver.cpp, line 796]
Event: 68.694 Thread 0x0000013569e314e0 Exception <a 'java/lang/NoSuchMethodError'{0x00000000c6ac7f68}: 'java.lang.Object java.lang.invoke.DirectMethodHandle$Holder.invokeStaticInit(java.lang.Object, java.lang.Object, java.lang.Object, int, int)'> (0x00000000c6ac7f68) 
thrown [s\open\src\hotspot\share\interpreter\linkResolver.cpp, line 796]
Event: 71.171 Thread 0x00000135695ad740 Exception <a 'java/lang/NoSuchMethodError'{0x00000000c6815160}: 'java.lang.Object java.lang.invoke.DirectMethodHandle$Holder.invokeSpecial(java.lang.Object, java.lang.Object, java.lang.Object, java.lang.Object, java.lang.Object, long)'> (0x00000000c6815160) 
thrown [s\open\src\hotspot\share\interpreter\linkResolver.cpp, line 796]
Event: 71.179 Thread 0x00000135695ad740 Exception <a 'java/lang/NoSuchMethodError'{0x00000000c68188f0}: 'java.lang.Object java.lang.invoke.Invokers$Holder.linkToTargetMethod(java.lang.Object, java.lang.Object, java.lang.Object, long, java.lang.Object)'> (0x00000000c68188f0) 
thrown [s\open\src\hotspot\share\interpreter\linkResolver.cpp, line 796]
Event: 72.543 Thread 0x00000135695ad740 Exception <a 'java/lang/NoSuchMethodError'{0x00000000c67be8b0}: 'java.lang.Object java.lang.invoke.DirectMethodHandle$Holder.invokeStatic(java.lang.Object, int, int)'> (0x00000000c67be8b0) 
thrown [s\open\src\hotspot\share\interpreter\linkResolver.cpp, line 796]

VM Operations (20 events):
Event: 14.047 Executing VM operation: G1PauseRemark
Event: 14.050 Executing VM operation: G1PauseRemark done
Event: 14.056 Executing VM operation: G1PauseCleanup
Event: 14.056 Executing VM operation: G1PauseCleanup done
Event: 14.169 Executing VM operation: HandshakeAllThreads (Deoptimize)
Event: 14.169 Executing VM operation: HandshakeAllThreads (Deoptimize) done
Event: 14.205 Executing VM operation: HandshakeAllThreads (Deoptimize)
Event: 14.205 Executing VM operation: HandshakeAllThreads (Deoptimize) done
Event: 14.206 Executing VM operation: HandshakeAllThreads (Deoptimize)
Event: 14.206 Executing VM operation: HandshakeAllThreads (Deoptimize) done
Event: 14.351 Executing VM operation: HandshakeAllThreads (Deoptimize)
Event: 14.351 Executing VM operation: HandshakeAllThreads (Deoptimize) done
Event: 14.398 Executing VM operation: G1CollectForAllocation (G1 Evacuation Pause)
Event: 14.402 Executing VM operation: G1CollectForAllocation (G1 Evacuation Pause) done
Event: 60.281 Executing VM operation: HandshakeAllThreads (HandshakeForDeflation)
Event: 60.286 Executing VM operation: HandshakeAllThreads (HandshakeForDeflation) done
Event: 60.286 Executing VM operation: RendezvousGCThreads
Event: 60.286 Executing VM operation: RendezvousGCThreads done
Event: 71.708 Executing VM operation: HandshakeAllThreads (Deoptimize)
Event: 71.710 Executing VM operation: HandshakeAllThreads (Deoptimize) done

Memory protections (0 events):
No events

Nmethod flushes (20 events):
Event: 14.049 Thread 0x0000013520d9cbd0 flushing  nmethod 0x000001350e17c988
Event: 14.049 Thread 0x0000013520d9cbd0 flushing  nmethod 0x000001350e204388
Event: 14.049 Thread 0x0000013520d9cbd0 flushing  nmethod 0x000001350e246508
Event: 14.049 Thread 0x0000013520d9cbd0 flushing  nmethod 0x000001350e250d88
Event: 14.049 Thread 0x0000013520d9cbd0 flushing  nmethod 0x000001350e28cd08
Event: 14.049 Thread 0x0000013520d9cbd0 flushing  nmethod 0x000001350e2c2988
Event: 14.049 Thread 0x0000013520d9cbd0 flushing  nmethod 0x000001350e2c4008
Event: 14.049 Thread 0x0000013520d9cbd0 flushing  nmethod 0x000001350e2c7188
Event: 14.049 Thread 0x0000013520d9cbd0 flushing  nmethod 0x000001350e310188
Event: 14.049 Thread 0x0000013520d9cbd0 flushing  nmethod 0x000001350e312b08
Event: 14.049 Thread 0x0000013520d9cbd0 flushing  nmethod 0x000001350e319c08
Event: 14.049 Thread 0x0000013520d9cbd0 flushing  nmethod 0x000001350e31ba08
Event: 14.049 Thread 0x0000013520d9cbd0 flushing  nmethod 0x000001350e3bf708
Event: 14.049 Thread 0x0000013520d9cbd0 flushing  nmethod 0x000001350e3f4c08
Event: 14.049 Thread 0x0000013520d9cbd0 flushing  nmethod 0x000001350e43a108
Event: 14.049 Thread 0x0000013520d9cbd0 flushing  nmethod 0x000001350e43ac88
Event: 14.049 Thread 0x0000013520d9cbd0 flushing  nmethod 0x000001350e483f88
Event: 14.049 Thread 0x0000013520d9cbd0 flushing  nmethod 0x000001350e484288
Event: 14.049 Thread 0x0000013520d9cbd0 flushing  nmethod 0x000001350e484588
Event: 14.049 Thread 0x0000013520d9cbd0 flushing  nmethod 0x000001350e488588

Events (20 events):
Event: 9.184 Thread 0x00000135056b3990 Thread added: 0x00000135695ac390
Event: 11.196 Thread 0x0000013520df6050 Thread added: 0x0000013567e01d10
Event: 11.348 Thread 0x00000135056b3990 Thread added: 0x00000135695ae460
Event: 11.454 Thread 0x00000135695ae460 Thread added: 0x00000135695ab670
Event: 12.362 Thread 0x0000013567e01d10 Thread exited: 0x0000013567e01d10
Event: 14.830 Thread 0x00000135056b3990 Thread added: 0x00000135695ad0b0
Event: 14.830 Thread 0x00000135056b3990 Thread added: 0x00000135695ad740
Event: 14.830 Thread 0x00000135056b3990 Thread added: 0x00000135695addd0
Event: 14.830 Thread 0x00000135056b3990 Thread added: 0x0000013569e2ed80
Event: 14.830 Thread 0x00000135056b3990 Thread added: 0x0000013569e2faa0
Event: 14.830 Thread 0x00000135056b3990 Thread added: 0x0000013569e2e6f0
Event: 14.830 Thread 0x00000135056b3990 Thread added: 0x0000013569e2e060
Event: 14.831 Thread 0x00000135056b3990 Thread added: 0x0000013569e30e50
Event: 14.831 Thread 0x00000135056b3990 Thread added: 0x0000013569e2f410
Event: 14.831 Thread 0x00000135056b3990 Thread added: 0x0000013569e30130
Event: 14.926 Thread 0x00000135056b3990 Thread added: 0x0000013569e307c0
Event: 14.929 Thread 0x00000135056b3990 Thread added: 0x0000013569e314e0
Event: 14.961 Thread 0x00000135056b3990 Thread exited: 0x00000135056b3990
Event: 14.961 Thread 0x000001356a5be2d0 Thread added: 0x000001356a5be2d0
Event: 16.887 Thread 0x00000135695ab670 Thread exited: 0x00000135695ab670


Dynamic libraries:
0x00007ff7c0990000 - 0x00007ff7c09a0000 	C:\Program Files\Java\jdk-23\bin\java.exe
0x00007ffada1a0000 - 0x00007ffada405000 	C:\WINDOWS\SYSTEM32\ntdll.dll
0x00007ffad7f40000 - 0x00007ffad8009000 	C:\WINDOWS\System32\KERNEL32.DLL
0x00007ffad7ac0000 - 0x00007ffad7ea8000 	C:\WINDOWS\System32\KERNELBASE.dll
0x00007ffad7530000 - 0x00007ffad767b000 	C:\WINDOWS\System32\ucrtbase.dll
0x00007ffaa8ad0000 - 0x00007ffaa8aeb000 	C:\Program Files\Java\jdk-23\bin\VCRUNTIME140.dll
0x00007ffaa8af0000 - 0x00007ffaa8b07000 	C:\Program Files\Java\jdk-23\bin\jli.dll
0x00007ffad9830000 - 0x00007ffad99fa000 	C:\WINDOWS\System32\USER32.dll
0x00007ffad7a90000 - 0x00007ffad7ab7000 	C:\WINDOWS\System32\win32u.dll
0x00007ffad8680000 - 0x00007ffad86ab000 	C:\WINDOWS\System32\GDI32.dll
0x00007ffab0650000 - 0x00007ffab08ea000 	C:\WINDOWS\WinSxS\amd64_microsoft.windows.common-controls_6595b64144ccf1df_6.0.26100.4202_none_3e0698d4e335f517\COMCTL32.dll
0x00007ffad7720000 - 0x00007ffad7857000 	C:\WINDOWS\System32\gdi32full.dll
0x00007ffad8010000 - 0x00007ffad80b9000 	C:\WINDOWS\System32\msvcrt.dll
0x00007ffad7860000 - 0x00007ffad7903000 	C:\WINDOWS\System32\msvcp_win.dll
0x00007ffad9050000 - 0x00007ffad9080000 	C:\WINDOWS\System32\IMM32.DLL
0x00007ffad1c00000 - 0x00007ffad1c0c000 	C:\Program Files\Java\jdk-23\bin\vcruntime140_1.dll
0x00007ffaa6bd0000 - 0x00007ffaa6c5e000 	C:\Program Files\Java\jdk-23\bin\msvcp140.dll
0x00007ffa252e0000 - 0x00007ffa26030000 	C:\Program Files\Java\jdk-23\bin\server\jvm.dll
0x00007ffad82b0000 - 0x00007ffad8363000 	C:\WINDOWS\System32\ADVAPI32.dll
0x00007ffad8550000 - 0x00007ffad85f6000 	C:\WINDOWS\System32\sechost.dll
0x00007ffad9710000 - 0x00007ffad9825000 	C:\WINDOWS\System32\RPCRT4.dll
0x00007ffad81c0000 - 0x00007ffad8234000 	C:\WINDOWS\System32\WS2_32.dll
0x00007ffad7140000 - 0x00007ffad719e000 	C:\WINDOWS\SYSTEM32\POWRPROF.dll
0x00007ffacd6a0000 - 0x00007ffacd6ab000 	C:\WINDOWS\SYSTEM32\VERSION.dll
0x00007ffacd800000 - 0x00007ffacd835000 	C:\WINDOWS\SYSTEM32\WINMM.dll
0x00007ffad7120000 - 0x00007ffad7134000 	C:\WINDOWS\SYSTEM32\UMPDC.dll
0x00007ffad60b0000 - 0x00007ffad60cb000 	C:\WINDOWS\SYSTEM32\kernel.appcore.dll
0x00007ffaa8ac0000 - 0x00007ffaa8aca000 	C:\Program Files\Java\jdk-23\bin\jimage.dll
0x00007ffad49d0000 - 0x00007ffad4c11000 	C:\WINDOWS\SYSTEM32\DBGHELP.DLL
0x00007ffad8b50000 - 0x00007ffad8ed5000 	C:\WINDOWS\System32\combase.dll
0x00007ffad9180000 - 0x00007ffad9261000 	C:\WINDOWS\System32\OLEAUT32.dll
0x00007ffab8460000 - 0x00007ffab8499000 	C:\WINDOWS\SYSTEM32\dbgcore.DLL
0x00007ffad7680000 - 0x00007ffad7719000 	C:\WINDOWS\System32\bcryptPrimitives.dll
0x00007ffad1c30000 - 0x00007ffad1c3f000 	C:\Program Files\Java\jdk-23\bin\instrument.dll
0x00007ffaa8aa0000 - 0x00007ffaa8abe000 	C:\Program Files\Java\jdk-23\bin\java.dll
0x00007ffad89a0000 - 0x00007ffad8b3e000 	C:\WINDOWS\System32\ole32.dll
0x00007ffad9a00000 - 0x00007ffada142000 	C:\WINDOWS\System32\SHELL32.dll
0x00007ffad72f0000 - 0x00007ffad7464000 	C:\WINDOWS\System32\wintypes.dll
0x00007ffad4f70000 - 0x00007ffad57c8000 	C:\WINDOWS\SYSTEM32\windows.storage.dll
0x00007ffad88a0000 - 0x00007ffad8991000 	C:\WINDOWS\System32\SHCORE.dll
0x00007ffad8240000 - 0x00007ffad82aa000 	C:\WINDOWS\System32\shlwapi.dll
0x00007ffad7200000 - 0x00007ffad722f000 	C:\WINDOWS\SYSTEM32\profapi.dll
0x00007ffa913e0000 - 0x00007ffa914b7000 	C:\Program Files\Java\jdk-23\bin\jsvml.dll
0x00007ffaa6bb0000 - 0x00007ffaa6bc7000 	C:\Program Files\Java\jdk-23\bin\zip.dll
0x00007ffaa8a90000 - 0x00007ffaa8aa0000 	C:\Program Files\Java\jdk-23\bin\net.dll
0x00007ffad6620000 - 0x00007ffad668a000 	C:\WINDOWS\system32\mswsock.dll
0x00007ffaa8a70000 - 0x00007ffaa8a86000 	C:\Program Files\Java\jdk-23\bin\nio.dll
0x00007ffacf170000 - 0x00007ffacf18a000 	C:\Program Files\JetBrains\IntelliJ IDEA Community Edition 2024.3.2.1\bin\breakgen64.dll
0x00007ffaa6ba0000 - 0x00007ffaa6ba9000 	C:\Program Files\Java\jdk-23\bin\extnet.dll
0x00007ffaa3d80000 - 0x00007ffaa3d8e000 	C:\Program Files\Java\jdk-23\bin\sunmscapi.dll
0x00007ffad7910000 - 0x00007ffad7a87000 	C:\WINDOWS\System32\CRYPT32.dll
0x00007ffad6af0000 - 0x00007ffad6b20000 	C:\WINDOWS\SYSTEM32\ncrypt.dll
0x00007ffad6aa0000 - 0x00007ffad6adf000 	C:\WINDOWS\SYSTEM32\NTASN1.dll
0x00007ffad68d0000 - 0x00007ffad68eb000 	C:\WINDOWS\SYSTEM32\CRYPTSP.dll
0x00007ffad6010000 - 0x00007ffad604a000 	C:\WINDOWS\system32\rsaenh.dll
0x00007ffad66c0000 - 0x00007ffad66eb000 	C:\WINDOWS\SYSTEM32\USERENV.dll
0x00007ffad71d0000 - 0x00007ffad71f6000 	C:\WINDOWS\SYSTEM32\bcrypt.dll
0x00007ffad68f0000 - 0x00007ffad68fc000 	C:\WINDOWS\SYSTEM32\CRYPTBASE.dll
0x00007ffad5b90000 - 0x00007ffad5bc3000 	C:\WINDOWS\SYSTEM32\IPHLPAPI.DLL
0x00007ffad86b0000 - 0x00007ffad86ba000 	C:\WINDOWS\System32\NSI.dll
0x00007ffad1c20000 - 0x00007ffad1c2a000 	C:\Program Files\Java\jdk-23\bin\management.dll
0x00007ffad1b50000 - 0x00007ffad1b5b000 	C:\Program Files\Java\jdk-23\bin\management_ext.dll
0x00007ffad86c0000 - 0x00007ffad86c8000 	C:\WINDOWS\System32\PSAPI.DLL
0x00007ffaa6b70000 - 0x00007ffaa6b80000 	C:\Program Files\Java\jdk-23\bin\verify.dll
0x00007ffad5c60000 - 0x00007ffad5d87000 	C:\WINDOWS\SYSTEM32\DNSAPI.dll
0x00007ffacd740000 - 0x00007ffacd74b000 	C:\Windows\System32\rasadhlp.dll
0x00007ffad1a80000 - 0x00007ffad1b06000 	C:\WINDOWS\System32\fwpuclnt.dll
0x00007ffaa9870000 - 0x00007ffaa9878000 	C:\WINDOWS\system32\wshunix.dll

dbghelp: loaded successfully - version: 4.0.5 - missing functions: none
symbol engine: initialized successfully - sym options: 0x614 - pdb path: .;C:\Program Files\Java\jdk-23\bin;C:\WINDOWS\SYSTEM32;C:\WINDOWS\WinSxS\amd64_microsoft.windows.common-controls_6595b64144ccf1df_6.0.26100.4202_none_3e0698d4e335f517;C:\Program Files\Java\jdk-23\bin\server;C:\Program Files\JetBrains\IntelliJ IDEA Community Edition 2024.3.2.1\bin

VM Arguments:
jvm_args: -javaagent:C:\Program Files\JetBrains\IntelliJ IDEA Community Edition 2024.3.2.1\lib\idea_rt.jar=50444:C:\Program Files\JetBrains\IntelliJ IDEA Community Edition 2024.3.2.1\bin -Dfile.encoding=UTF-8 -Dsun.stdout.encoding=UTF-8 -Dsun.stderr.encoding=UTF-8 
java_command: com.example.rh_tech.RhTechApplication
java_class_path (initial): C:\Users\dayan\Documents\API-s-main\rh_tech\target\classes;C:\Users\dayan\.m2\repository\org\springframework\boot\spring-boot-starter-data-jdbc\3.5.0\spring-boot-starter-data-jdbc-3.5.0.jar;C:\Users\dayan\.m2\repository\org\springframework\boot\spring-boot-starter-jdbc\3.5.0\spring-boot-starter-jdbc-3.5.0.jar;C:\Users\dayan\.m2\repository\com\zaxxer\HikariCP\6.3.0\HikariCP-6.3.0.jar;C:\Users\dayan\.m2\repository\org\springframework\spring-jdbc\6.2.7\spring-jdbc-6.2.7.jar;C:\Users\dayan\.m2\repository\org\springframework\data\spring-data-jdbc\3.5.0\spring-data-jdbc-3.5.0.jar;C:\Users\dayan\.m2\repository\org\springframework\data\spring-data-relational\3.5.0\spring-data-relational-3.5.0.jar;C:\Users\dayan\.m2\repository\org\springframework\data\spring-data-commons\3.5.0\spring-data-commons-3.5.0.jar;C:\Users\dayan\.m2\repository\org\springframework\spring-tx\6.2.7\spring-tx-6.2.7.jar;C:\Users\dayan\.m2\repository\org\springframework\spring-context\6.2.7\spring-context-6.2.7.jar;C:\Users\dayan\.m2\repository\org\springframework\spring-beans\6.2.7\spring-beans-6.2.7.jar;C:\Users\dayan\.m2\repository\org\slf4j\slf4j-api\2.0.17\slf4j-api-2.0.17.jar;C:\Users\dayan\.m2\repository\org\springframework\boot\spring-boot-starter-data-jpa\3.5.0\spring-boot-starter-data-jpa-3.5.0.jar;C:\Users\dayan\.m2\repository\org\springframework\boot\spring-boot-starter\3.5.0\spring-boot-starter-3.5.0.jar;C:\Users\dayan\.m2\repository\org\springframework\boot\spring-boot\3.5.0\spring-boot-3.5.0.jar;C:\Users\dayan\.m2\repository\org\springframework\boot\spring-boot-autoconfigure\3.5.0\spring-boot-autoconfigure-3.5.0.jar;C:\Users\dayan\.m2\repository\org\springframework\boot\spring-boot-starter-logging\3.5.0\spring-boot-starter-logging-3.5.0.jar;C:\Users\dayan\.m2\repository\ch\qos\logback\logback-classic\1.5.18\logback-classic-1.5.18.jar;C:\Users\dayan\.m2\repository\ch\qos\logback\logback-core\1.5.18\logback-core-1.5.18.jar;C:\Users\dayan\.m2\repository\org\apache\logging\log4j\log4j-to-slf4j\2.24.3\log4j-to-slf4j-2.24.3.jar;C:\Users\dayan\.m2\repository\org\apache\logging\log4j\log4j-api\2.24.3\log4j-api-2.24.3.jar;C:\Users\dayan\.m2\repository\org\slf4j\jul-to-slf4j\2.0.17\jul-to-slf4j-2.0.17.jar;C:\Users\dayan\.m2\repository\jakarta\annotation\jakarta.annotation-api\2.1.1\jakarta.annotation-api-2.1.1.jar;C:\Users\dayan\.m2\repository\org\yaml\snakeyaml\2.4\snakeyaml-2.4.jar;C:\Users\dayan\.m2\repository\org\hibernate\orm\hibernate-core\6.6.15.Final\hibernate-core-6.6.15.Final.jar;C:\Users\dayan\.m2\repository\jakarta\persistence\jakarta.persistence-api\3.1.0\jakarta.persistence-api-3.1.0.jar;C:\Users\dayan\.m2\repository\jakarta\transaction\jakarta.transaction-api\2.0.1\jakarta.transaction-api-2.0.1.jar;C:\Users\dayan\.m2\repository\org\jboss\logging\jboss-logging\3.6.1.Final\jboss-logging-3.6.1.Final.jar;C:\Users\dayan\.m2\repository\org\hibernate\common\hibernate-commons-annotations\7.0.3.Final\hibernate-commons-annotations-7.0.3.Final.jar;C:\Users\dayan\.m2\repository\io\smallrye\jandex\3.2.0\jandex-3.2.0.jar;C:\Users\dayan\.m2\repository\com\fasterxml\classmate\1.7.0\classmate-1.7.0.jar;C:\Users\dayan\.m2\repository\net\bytebuddy\byte-buddy\1.17.5\byte-buddy-1.17.5.jar;C:\Users\dayan\.m2\repository\org\glassfish\jaxb\jaxb-runtime\4.0.5\jaxb-runtime-4.0.5.jar;C:\Users\dayan\.m2\repository\org\glassfish\jaxb\jaxb-core\4.0.5\jaxb-core-4.0.5.jar;C:\Users\dayan\.m2\repository\org\eclipse\angus\angus-activation\2.0.2\angus-activation-2.0.2.jar;C:\Users\dayan\.m2\repository\org\glassfish\jaxb\txw2\4.0.5\txw2-4.0.5.jar;C:\Users\dayan\.m2\repository\com\sun\istack\istack-commons-runtime\4.1.2\istack-commons-runtime-4.1.2.jar;C:\Users\dayan\.m2\repository\jakarta\inject\jakarta.inject-api\2.0.1\jakarta.inject-api-2.0.1.jar;C:\Users\dayan\.m2\repository\org\antlr\antlr4-runtime\4.13.0\antlr4-runtime-4.13.0.jar;C:\Users\dayan\.m2\repository\org\springframework\data\spring-data-jpa\3.5.0\spring-data-jpa-3.5.0.jar;C:\Users\dayan\.m2\repository\org\springframework\spring-orm\6.2.7\spring-orm-6.2.7.jar;C:\Users\dayan\.m2\repository\org\springframework\spring-aop\6.2.7\spring-aop-6.2.7.jar;C:\Users\dayan\.m2\repository\org\springframework\spring-aspects\6.2.7\spring-aspects-6.2.7.jar;C:\Users\dayan\.m2\repository\org\aspectj\aspectjweaver\1.9.24\aspectjweaver-1.9.24.jar;C:\Users\dayan\.m2\repository\org\springframework\boot\spring-boot-starter-web\3.5.0\spring-boot-starter-web-3.5.0.jar;C:\Users\dayan\.m2\repository\org\springframework\boot\spring-boot-starter-json\3.5.0\spring-boot-starter-json-3.5.0.jar;C:\Users\dayan\.m2\repository\com\fasterxml\jackson\core\jackson-databind\2.19.0\jackson-databind-2.19.0.jar;C:\Users\dayan\.m2\repository\com\fasterxml\jackson\core\jackson-annotations\2.19.0\jackson-annotations-2.19.0.jar;C:\Users\dayan\.m2\repository\com\fasterxml\jackson\core\jackson-core\2.19.0\jackson-core-2.19.0.jar;C:\Users\dayan\.m2\repository\com\fasterxml\jackson\datatype\jackson-datatype-jdk8\2.19.0\jackson-datatype-jdk8-2.19.0.jar;C:\Users\dayan\.m2\repository\com\fasterxml\jackson\datatype\jackson-datatype-jsr310\2.19.0\jackson-datatype-jsr310-2.19.0.jar;C:\Users\dayan\.m2\repository\com\fasterxml\jackson\module\jackson-module-parameter-names\2.19.0\jackson-module-parameter-names-2.19.0.jar;C:\Users\dayan\.m2\repository\org\springframework\boot\spring-boot-starter-tomcat\3.5.0\spring-boot-starter-tomcat-3.5.0.jar;C:\Users\dayan\.m2\repository\org\apache\tomcat\embed\tomcat-embed-core\10.1.41\tomcat-embed-core-10.1.41.jar;C:\Users\dayan\.m2\repository\org\apache\tomcat\embed\tomcat-embed-el\10.1.41\tomcat-embed-el-10.1.41.jar;C:\Users\dayan\.m2\repository\org\apache\tomcat\embed\tomcat-embed-websocket\10.1.41\tomcat-embed-websocket-10.1.41.jar;C:\Users\dayan\.m2\repository\org\springframework\spring-web\6.2.7\spring-web-6.2.7.jar;C:\Users\dayan\.m2\repository\io\micrometer\micrometer-observation\1.15.0\micrometer-observation-1.15.0.jar;C:\Users\dayan\.m2\repository\io\micrometer\micrometer-commons\1.15.0\micrometer-commons-1.15.0.jar;C:\Users\dayan\.m2\repository\org\springframework\spring-webmvc\6.2.7\spring-webmvc-6.2.7.jar;C:\Users\dayan\.m2\repository\org\springframework\spring-expression\6.2.7\spring-expression-6.2.7.jar;C:\Users\dayan\.m2\repository\com\mysql\mysql-connector-j\9.2.0\mysql-connector-j-9.2.0.jar;C:\Users\dayan\.m2\repository\org\projectlombok\lombok\1.18.38\lombok-1.18.38.jar;C:\Users\dayan\.m2\repository\jakarta\xml\bind\jakarta.xml.bind-api\4.0.2\jakarta.xml.bind-api-4.0.2.jar;C:\Users\dayan\.m2\repository\jakarta\activation\jakarta.activation-api\2.1.3\jakarta.activation-api-2.1.3.jar;C:\Users\dayan\.m2\repository\org\springframework\spring-core\6.2.7\spring-core-6.2.7.jar;C:\Users\dayan\.m2\repository\org\springframework\spring-jcl\6.2.7\spring-jcl-6.2.7.jar
Launcher Type: SUN_STANDARD

[Global flags]
     intx CICompilerCount                          = 4                                         {product} {ergonomic}
     uint ConcGCThreads                            = 2                                         {product} {ergonomic}
     uint G1ConcRefinementThreads                  = 8                                         {product} {ergonomic}
   size_t G1HeapRegionSize                         = 1048576                                   {product} {ergonomic}
   size_t InitialHeapSize                          = 62914560                                  {product} {ergonomic}
   size_t MarkStackSize                            = 4194304                                   {product} {ergonomic}
   size_t MarkStackSizeMax                         = 536870912                                 {product} {ergonomic}
   size_t MaxHeapSize                              = 1002438656                                {product} {ergonomic}
   size_t MaxNewSize                               = 600834048                                 {product} {ergonomic}
   size_t MinHeapDeltaBytes                        = 1048576                                   {product} {ergonomic}
   size_t MinHeapSize                              = 8388608                                   {product} {ergonomic}
    uintx NonNMethodCodeHeapSize                   = 5832704                                {pd product} {ergonomic}
    uintx NonProfiledCodeHeapSize                  = 122945536                              {pd product} {ergonomic}
    uintx ProfiledCodeHeapSize                     = 122880000                              {pd product} {ergonomic}
    uintx ReservedCodeCacheSize                    = 251658240                              {pd product} {ergonomic}
     bool SegmentedCodeCache                       = true                                      {product} {ergonomic}
   size_t SoftMaxHeapSize                          = 1002438656                             {manageable} {ergonomic}
     bool UseCompressedOops                        = true                           {product lp64_product} {ergonomic}
     bool UseG1GC                                  = true                                      {product} {ergonomic}
     bool UseLargePagesIndividualAllocation        = false                                  {pd product} {ergonomic}

Logging:
Log output configuration:
 #0: stdout all=warning uptime,level,tags foldmultilines=false
 #1: stderr all=off uptime,level,tags foldmultilines=false

Environment Variables:
JAVA_HOME=C:\Program Files\Java\jdk-23
PATH=C:\Program Files\Common Files\Oracle\Java\javapath;C:\Program Files\Microsoft MPI\Bin\;C:\Program Files (x86)\Common Files\Oracle\Java\javapath;C:\WINDOWS\system32;C:\WINDOWS;C:\WINDOWS\System32\Wbem;C:\WINDOWS\System32\WindowsPowerShell\v1.0\;C:\WINDOWS\System32\OpenSSH\;C:\MinGW\bin;C:\Program Files (x86)\Microsoft SQL Server\160\Tools\Binn\;C:\Program Files\Microsoft SQL Server\160\Tools\Binn\;C:\Program Files\Microsoft SQL Server\Client SDK\ODBC\170\Tools\Binn\;C:\Program Files\Microsoft SQL Server\160\DTS\Binn\;C:\Program Files (x86)\Microsoft SQL Server\160\DTS\Binn\;C:\Program Files\Git\cmd;C:\Program Files (x86)\Git\cmd;C:\Program Files\MySQL\MySQL Shell 8.0\bin\;C:\Users\dayan\AppData\Local\Microsoft\WindowsApps;C:\Users\dayan\AppData\Local\Programs\Microsoft VS Code\bin;C:\MinGW\bin;C:\Program Files\Java\jdk-23\bin;
USERNAME=dayan
OS=Windows_NT
PROCESSOR_IDENTIFIER=Intel64 Family 6 Model 154 Stepping 4, GenuineIntel
TMP=C:\Users\dayan\AppData\Local\Temp
TEMP=C:\Users\dayan\AppData\Local\Temp




Periodic native trim disabled

---------------  S Y S T E M  ---------------

OS:
 Windows 11 , 64 bit Build 26100 (10.0.26100.4202)
OS uptime: 0 days 22:06 hours

CPU: total 8 (initial active 8) (4 cores per cpu, 2 threads per core) family 6 model 154 stepping 4 microcode 0x424, cx8, cmov, fxsr, ht, mmx, 3dnowpref, sse, sse2, sse3, ssse3, sse4.1, sse4.2, popcnt, lzcnt, tsc, tscinvbit, avx, avx2, aes, erms, clmul, bmi1, bmi2, adx, sha, fma, vzeroupper, clflush, clflushopt, clwb, serialize, rdtscp, rdpid, fsrm, gfni, f16c, pku, cet_ibt, cet_ss
Processor Information for processor 0
  Max Mhz: 1200, Current Mhz: 1200, Mhz Limit: 1200
Processor Information for processor 1
  Max Mhz: 1200, Current Mhz: 1200, Mhz Limit: 1200
Processor Information for processor 2
  Max Mhz: 1200, Current Mhz: 1200, Mhz Limit: 1200
Processor Information for processor 3
  Max Mhz: 1200, Current Mhz: 1200, Mhz Limit: 1200
Processor Information for processor 4
  Max Mhz: 900, Current Mhz: 900, Mhz Limit: 900
Processor Information for processor 5
  Max Mhz: 900, Current Mhz: 900, Mhz Limit: 900
Processor Information for processor 6
  Max Mhz: 900, Current Mhz: 900, Mhz Limit: 900
Processor Information for processor 7
  Max Mhz: 900, Current Mhz: 900, Mhz Limit: 900

Memory: 4k page, system-wide physical 3820M (126M free)
TotalPageFile size 15596M (AvailPageFile size 1M)
current process WorkingSet (physical memory assigned to process): 125M, peak: 218M
current process commit charge ("private bytes"): 260M, peak: 272M

vm_info: Java HotSpot(TM) 64-Bit Server VM (23.0.2+7-58) for windows-amd64 JRE (23.0.2+7-58), built on 2024-11-29T09:34:55Z with MS VC++ 17.6 (VS2022)

END.
