version 2
JvmtiExport can_access_local_variables 0
JvmtiExport can_hotswap_or_post_breakpoint 1
JvmtiExport can_post_on_exceptions 0
# 770 ciObject found
instanceKlass org/springframework/core/ResolvableType
ciInstanceKlass java/lang/Cloneable 1 0 7 100 1 100 1 1 1
instanceKlass org/springframework/http/ResponseEntity$BodyBuilder
instanceKlass org/springframework/http/ResponseEntity$HeadersBuilder
instanceKlass org/springframework/boot/autoconfigure/web/servlet/error/BasicErrorController$1
instanceKlass org/springframework/web/bind/annotation/RequestAttribute
instanceKlass org/springframework/web/bind/annotation/SessionAttribute
instanceKlass org/springframework/web/bind/annotation/CookieValue
instanceKlass org/springframework/web/bind/annotation/RequestHeader
instanceKlass org/springframework/web/bind/annotation/RequestBody
instanceKlass org/springframework/web/bind/annotation/MatrixVariable
instanceKlass org/springframework/web/bind/annotation/PathVariable
instanceKlass jakarta/servlet/http/Part
instanceKlass org/springframework/web/multipart/MultipartFile
instanceKlass org/springframework/web/multipart/support/MultipartResolutionDelegate
instanceKlass org/springframework/web/bind/annotation/RequestPart
instanceKlass org/springframework/web/bind/annotation/RequestParam
instanceKlass  @bci org/springframework/ui/ModelMap mergeAttributes (Ljava/util/Map;)Lorg/springframework/ui/ModelMap; 6 <appendix> member <vmtarget> ; # org/springframework/ui/ModelMap$$Lambda+0x0000013522924b40
instanceKlass org/springframework/web/servlet/support/RequestContextUtils
instanceKlass org/springframework/web/bind/support/SimpleSessionStatus
instanceKlass org/springframework/web/bind/support/SessionStatus
instanceKlass  @bci org/springframework/web/servlet/mvc/method/annotation/RequestMappingHandlerAdapter getModelFactory (Lorg/springframework/web/method/HandlerMethod;Lorg/springframework/web/bind/support/WebDataBinderFactory;)Lorg/springframework/web/method/annotation/ModelFactory; 76 <appendix> member <vmtarget> ; # org/springframework/web/servlet/mvc/method/annotation/RequestMappingHandlerAdapter$$Lambda+0x0000013522923330
instanceKlass org/springframework/web/bind/annotation/ModelAttribute
instanceKlass org/springframework/web/bind/annotation/SessionAttributes
instanceKlass  @bci org/springframework/web/servlet/mvc/method/annotation/RequestMappingHandlerAdapter getSessionAttributesHandler (Lorg/springframework/web/method/HandlerMethod;)Lorg/springframework/web/method/annotation/SessionAttributesHandler; 9 <appendix> member <vmtarget> ; # org/springframework/web/servlet/mvc/method/annotation/RequestMappingHandlerAdapter$$Lambda+0x0000013522922ce8
instanceKlass org/springframework/validation/DataBinder$NameResolver
instanceKlass  @bci org/springframework/web/servlet/mvc/method/annotation/RequestMappingHandlerAdapter getDataBinderFactory (Lorg/springframework/web/method/HandlerMethod;)Lorg/springframework/web/bind/support/WebDataBinderFactory; 60 <appendix> member <vmtarget> ; # org/springframework/web/servlet/mvc/method/annotation/RequestMappingHandlerAdapter$$Lambda+0x0000013522921998
instanceKlass org/springframework/web/bind/annotation/InitBinder
# instanceKlass org/springframework/core/MethodIntrospector$$Lambda+0x0000013522921570
instanceKlass  @bci org/springframework/web/context/request/async/WebAsyncManager setAsyncWebRequest (Lorg/springframework/web/context/request/async/AsyncWebRequest;)V 16 <appendix> member <vmtarget> ; # org/springframework/web/context/request/async/WebAsyncManager$$Lambda+0x0000013522921348
instanceKlass jakarta/servlet/ServletResponseWrapper
instanceKlass  @bci org/springframework/web/servlet/mvc/method/RequestMappingInfoHandlerMapping extractMatchDetails (Lorg/springframework/web/servlet/mvc/condition/PathPatternsRequestCondition;Ljava/lang/String;Ljakarta/servlet/http/HttpServletRequest;)V 102 <appendix> member <vmtarget> ; # org/springframework/web/servlet/mvc/method/RequestMappingInfoHandlerMapping$$Lambda+0x0000013522918800
instanceKlass  @bci org/springframework/web/servlet/mvc/method/RequestMappingInfoHandlerMapping extractMatchDetails (Lorg/springframework/web/servlet/mvc/condition/PathPatternsRequestCondition;Ljava/lang/String;Ljakarta/servlet/http/HttpServletRequest;)V 53 <appendix> member <vmtarget> ; # org/springframework/web/servlet/mvc/method/RequestMappingInfoHandlerMapping$$Lambda+0x000001352291bdc0
instanceKlass  @bci org/springframework/web/servlet/mvc/method/RequestMappingInfoHandlerMapping getMappingComparator (Ljakarta/servlet/http/HttpServletRequest;)Ljava/util/Comparator; 1 <appendix> member <vmtarget> ; # org/springframework/web/servlet/mvc/method/RequestMappingInfoHandlerMapping$$Lambda+0x0000013522919b50
instanceKlass org/springframework/web/servlet/handler/AbstractHandlerMethodMapping$MatchComparator
instanceKlass org/springframework/web/servlet/handler/AbstractHandlerMethodMapping$Match
instanceKlass java/util/OptionalInt
instanceKlass java/util/stream/ReduceOps$6ReducingSink
instanceKlass  @bci java/util/stream/IntPipeline min ()Ljava/util/OptionalInt; 1 <appendix> argL0 ; # java/util/stream/IntPipeline$$Lambda+0x000001352286b108
instanceKlass java/util/function/IntBinaryOperator
# instanceKlass org/apache/catalina/core/ApplicationHttpRequest$$Lambda+0x000001352291b980
instanceKlass jakarta/servlet/ServletRequestWrapper
instanceKlass org/apache/catalina/core/ApplicationDispatcher$State
instanceKlass org/apache/catalina/core/ApplicationDispatcher
instanceKlass org/apache/catalina/AsyncDispatcher
instanceKlass org/apache/catalina/core/ApplicationContext$DispatchData
instanceKlass org/apache/catalina/util/RequestUtil
# instanceKlass org/springframework/http/ReadOnlyHttpHeaders$$Lambda+0x000001352291a000
instanceKlass  @bci org/springframework/web/servlet/mvc/support/DefaultHandlerExceptionResolver handleErrorResponse (Lorg/springframework/web/ErrorResponse;Ljakarta/servlet/http/HttpServletRequest;Ljakarta/servlet/http/HttpServletResponse;Ljava/lang/Object;)Lorg/springframework/web/servlet/ModelAndView; 20 <appendix> member <vmtarget> ; # org/springframework/web/servlet/mvc/support/DefaultHandlerExceptionResolver$$Lambda+0x000001352291fc68
instanceKlass org/springframework/web/ErrorResponse$Builder
instanceKlass org/springframework/web/util/UriUtils
instanceKlass org/springframework/orm/jpa/support/AsyncRequestInterceptor
instanceKlass org/springframework/transaction/support/ResourceHolderSupport
instanceKlass org/springframework/transaction/support/ResourceHolder
instanceKlass  @bci org/springframework/web/servlet/handler/AbstractUrlHandlerMapping exposePathWithinMapping (Ljava/lang/String;Ljava/lang/String;Ljakarta/servlet/http/HttpServletRequest;)V 15 <appendix> member <vmtarget> ; # org/springframework/web/servlet/handler/AbstractUrlHandlerMapping$$Lambda+0x000001352291cfd8
instanceKlass  @bci org/springframework/http/server/observation/DefaultServerRequestObservationConvention <clinit> ()V 116 <appendix> argL0 ; # org/springframework/http/server/observation/DefaultServerRequestObservationConvention$$Lambda+0x000001352291cd98
instanceKlass io/micrometer/common/ImmutableKeyValue
instanceKlass io/micrometer/common/KeyValue
instanceKlass io/micrometer/observation/docs/ObservationDocumentation
instanceKlass  @bci io/micrometer/observation/ObservationConvention <clinit> ()V 0 <appendix> argL0 ; # io/micrometer/observation/ObservationConvention$$Lambda+0x0000013522916638
instanceKlass io/micrometer/common/docs/KeyName
instanceKlass org/springframework/http/server/observation/DefaultServerRequestObservationConvention
instanceKlass org/springframework/http/server/observation/ServerRequestObservationConvention
instanceKlass io/micrometer/observation/ObservationConvention
instanceKlass io/micrometer/observation/KeyValuesConvention
instanceKlass org/springframework/web/servlet/mvc/LastModified
instanceKlass org/springframework/web/servlet/handler/AbstractHandlerMapping$CorsInterceptor
instanceKlass org/springframework/web/servlet/handler/AbstractUrlHandlerMapping$PathExposingHandlerInterceptor
instanceKlass org/springframework/web/util/pattern/PathPattern$PathMatchInfo
instanceKlass  @bci org/springframework/http/server/DefaultPathContainer subPath (Lorg/springframework/http/server/PathContainer;II)Lorg/springframework/http/server/PathContainer; 125 <appendix> argL0 ; # org/springframework/http/server/DefaultPathContainer$$Lambda+0x00000135229148d8
instanceKlass java/util/ArrayList$SubList$2
instanceKlass  @bci org/springframework/http/server/DefaultPathContainer subPath (Lorg/springframework/http/server/PathContainer;II)Lorg/springframework/http/server/PathContainer; 100 <appendix> member <vmtarget> ; # org/springframework/http/server/DefaultPathContainer$$Lambda+0x00000135229146b8
instanceKlass  @cpi org/springframework/http/server/DefaultPathContainer 329 form vmentry <vmtarget> ; # java/lang/invoke/LambdaForm$DMH+0x0000013522918000
instanceKlass  @bci org/springframework/http/server/DefaultPathContainer subPath (Lorg/springframework/http/server/PathContainer;II)Lorg/springframework/http/server/PathContainer; 80 <appendix> member <vmtarget> ; # org/springframework/http/server/DefaultPathContainer$$Lambda+0x0000013522914498
instanceKlass  @bci org/springframework/http/server/DefaultPathContainer subPath (Lorg/springframework/http/server/PathContainer;II)Lorg/springframework/http/server/PathContainer; 52 <appendix> member <vmtarget> ; # org/springframework/http/server/DefaultPathContainer$$Lambda+0x0000013522914278
instanceKlass org/springframework/web/servlet/mvc/method/RequestMappingInfoHandlerMapping$PartialMatchHelper
instanceKlass  @bci org/springframework/util/MimeTypeUtils sortBySpecificity (Ljava/util/List;)V 32 <appendix> argL0 ; # org/springframework/util/MimeTypeUtils$$Lambda+0x0000013522913e18
instanceKlass  @bci org/springframework/http/MediaType checkParameters (Ljava/lang/String;Ljava/lang/String;)V 47 <appendix> member <vmtarget> ; # org/springframework/http/MediaType$$Lambda+0x0000013522913bf0
instanceKlass org/apache/tomcat/util/http/parser/MediaType
instanceKlass org/springframework/web/cors/CorsUtils
instanceKlass  @bci org/springframework/web/util/ServletRequestPathUtils getParsedRequestPath (Ljakarta/servlet/ServletRequest;)Lorg/springframework/http/server/RequestPath; 14 <appendix> argL0 ; # org/springframework/web/util/ServletRequestPathUtils$$Lambda+0x0000013522913148
instanceKlass org/springframework/http/server/DefaultRequestPath
instanceKlass org/apache/catalina/core/ApplicationMapping$MappingImpl
instanceKlass org/apache/catalina/core/ApplicationMapping$1
instanceKlass org/springframework/web/util/ServletRequestPathUtils$ServletRequestPath
instanceKlass org/springframework/web/util/ServletRequestPathUtils
instanceKlass org/springframework/core/log/LogFormatUtils
instanceKlass  @bci org/springframework/web/servlet/DispatcherServlet logRequest (Ljakarta/servlet/http/HttpServletRequest;)V 6 <appendix> member <vmtarget> ; # org/springframework/web/servlet/DispatcherServlet$$Lambda+0x0000013522912150
instanceKlass org/springframework/web/servlet/FrameworkServlet$RequestBindingInterceptor
instanceKlass org/springframework/web/context/request/async/TimeoutDeferredResultProcessingInterceptor
instanceKlass org/springframework/web/context/request/async/TimeoutCallableProcessingInterceptor
instanceKlass org/springframework/web/context/request/async/AsyncWebRequest
instanceKlass org/springframework/web/context/request/async/WebAsyncUtils
instanceKlass  @bci org/springframework/web/servlet/DispatcherServlet buildLocaleContext (Ljakarta/servlet/http/HttpServletRequest;)Lorg/springframework/context/i18n/LocaleContext; 27 <appendix> member <vmtarget> ; # org/springframework/web/servlet/DispatcherServlet$$Lambda+0x0000013522910d10
instanceKlass org/springframework/web/servlet/LocaleContextResolver
instanceKlass org/springframework/context/i18n/SimpleLocaleContext
instanceKlass org/springframework/context/i18n/LocaleContextHolder
instanceKlass  @bci org/apache/catalina/connector/Request parseLocalesHeader (Ljava/lang/String;Ljava/util/TreeMap;)V 62 <appendix> argL0 ; # org/apache/catalina/connector/Request$$Lambda+0x0000013522910220
instanceKlass org/apache/tomcat/util/http/parser/AcceptLanguage
instanceKlass org/apache/catalina/util/TLSUtil
instanceKlass org/apache/catalina/connector/ResponseFacade
instanceKlass org/apache/catalina/core/ApplicationFilterFactory$1
instanceKlass org/apache/catalina/util/FilterUtil
instanceKlass org/apache/catalina/core/ApplicationFilterChain
instanceKlass org/apache/catalina/core/ApplicationFilterFactory
instanceKlass org/apache/coyote/AbstractProcessor$1
instanceKlass jakarta/security/auth/message/config/AuthConfigProvider
instanceKlass  @bci jakarta/security/auth/message/config/AuthConfigFactory getFactory ()Ljakarta/security/auth/message/config/AuthConfigFactory; 32 <appendix> member <vmtarget> ; # jakarta/security/auth/message/config/AuthConfigFactory$$Lambda+0x000001352290da58
instanceKlass  @bci jakarta/security/auth/message/config/AuthConfigFactory getFactoryClassName ()Ljava/lang/String; 0 <appendix> argL0 ; # jakarta/security/auth/message/config/AuthConfigFactory$$Lambda+0x000001352290d838
instanceKlass jakarta/security/auth/message/config/AuthConfigFactory
instanceKlass org/apache/catalina/connector/RequestFacade
instanceKlass org/apache/catalina/util/SessionConfig
instanceKlass org/apache/tomcat/util/buf/UEncoder
instanceKlass org/apache/tomcat/util/collections/ConcurrentCache
instanceKlass org/apache/tomcat/util/http/parser/MediaTypeCache
instanceKlass org/apache/catalina/connector/Response
instanceKlass org/apache/catalina/core/ApplicationMapping
instanceKlass org/apache/catalina/mapper/MappingData
instanceKlass org/apache/catalina/util/ParameterMap
instanceKlass org/apache/tomcat/util/buf/ByteChunk$ByteInputChannel
instanceKlass org/apache/catalina/connector/Request$8
instanceKlass org/apache/catalina/connector/Request$7
instanceKlass org/apache/catalina/connector/Request$6
instanceKlass org/apache/catalina/connector/Request$5
instanceKlass org/apache/catalina/connector/Request$4
instanceKlass org/apache/catalina/connector/Request$3
instanceKlass org/apache/catalina/connector/Request$2
instanceKlass org/apache/catalina/connector/Request$1
instanceKlass org/apache/catalina/connector/Request$SpecialAttributeAdapter
instanceKlass org/apache/tomcat/util/http/fileupload/RequestContext
instanceKlass org/apache/tomcat/util/http/fileupload/FileItemFactory
instanceKlass jakarta/servlet/http/PushBuilder
instanceKlass jakarta/servlet/AsyncContext
instanceKlass jakarta/servlet/http/HttpServletMapping
instanceKlass org/apache/catalina/connector/Request
instanceKlass org/apache/tomcat/util/http/parser/Host
instanceKlass sun/nio/cs/ThreadLocalCoders$Cache
instanceKlass sun/nio/cs/ThreadLocalCoders
instanceKlass org/apache/tomcat/util/http/parser/TokenList
instanceKlass org/apache/tomcat/util/http/ValuesEnumerator
instanceKlass org/apache/tomcat/util/buf/Ascii
instanceKlass org/apache/coyote/NonPipeliningProcessor
instanceKlass  @bci org/apache/coyote/AbstractProtocol$ConnectionHandler register (Lorg/apache/coyote/Processor;)V 68 <adapter> ; # java/lang/invoke/LambdaForm$MH+0x0000013522907800
# instanceKlass java/lang/invoke/LambdaForm$DMH+0x0000013522907400
instanceKlass  @bci org/apache/coyote/AbstractProtocol$ConnectionHandler register (Lorg/apache/coyote/Processor;)V 68 <appendix> form vmentry <vmtarget> ; # java/lang/invoke/LambdaForm$MH+0x0000013522907000
# instanceKlass java/lang/invoke/LambdaForm$MH+0x0000013522906c00
instanceKlass  @bci org/apache/coyote/AbstractProtocol$ConnectionHandler register (Lorg/apache/coyote/Processor;)V 68 <appendix> form names 10 function resolvedHandle form vmentry <vmtarget> ; # java/lang/invoke/LambdaForm$DMH+0x0000013522906800
instanceKlass  @bci org/apache/coyote/AbstractProtocol$ConnectionHandler register (Lorg/apache/coyote/Processor;)V 68 <appendix> argL3 form vmentry <vmtarget> ; # java/lang/invoke/LambdaForm$MH+0x0000013522906400
# instanceKlass java/lang/invoke/LambdaForm$MH+0x0000013522906000
# instanceKlass java/lang/invoke/LambdaForm$MH+0x0000013522905c00
# instanceKlass java/lang/invoke/LambdaForm$MH+0x0000013522905800
# instanceKlass java/lang/invoke/LambdaForm$MH+0x0000013522905400
instanceKlass  @bci org/apache/coyote/AbstractProtocol$ConnectionHandler register (Lorg/apache/coyote/Processor;)V 68 <appendix> form names 14 function resolvedHandle form vmentry <vmtarget> ; # java/lang/invoke/LambdaForm$DMH+0x0000013522905000
instanceKlass  @bci org/apache/coyote/AbstractProtocol$ConnectionHandler register (Lorg/apache/coyote/Processor;)V 68 <appendix> argL1 form vmentry <vmtarget> ; # java/lang/invoke/LambdaForm$MH+0x0000013522904c00
# instanceKlass java/lang/invoke/LambdaForm$MH+0x0000013522904800
# instanceKlass java/lang/invoke/LambdaForm$MH+0x0000013522904400
# instanceKlass java/lang/invoke/LambdaForm$MH+0x0000013522904000
instanceKlass org/apache/coyote/http11/filters/GzipOutputFilter
instanceKlass org/apache/coyote/http11/filters/BufferedInputFilter
instanceKlass org/apache/coyote/http11/filters/VoidOutputFilter
instanceKlass org/apache/coyote/http11/filters/VoidInputFilter
instanceKlass org/apache/coyote/http11/filters/ChunkedOutputFilter
instanceKlass org/apache/tomcat/util/http/parser/HttpHeaderParser$HeaderParseData
instanceKlass org/apache/tomcat/util/http/parser/HttpHeaderParser
instanceKlass org/apache/coyote/http11/filters/ChunkedInputFilter
instanceKlass org/apache/tomcat/util/http/parser/HttpHeaderParser$HeaderDataSource
instanceKlass org/apache/coyote/http11/filters/IdentityOutputFilter
instanceKlass org/apache/coyote/http11/filters/IdentityInputFilter
instanceKlass org/apache/coyote/http11/Http11OutputBuffer$SocketOutputBuffer
instanceKlass org/apache/coyote/http11/Http11OutputBuffer
instanceKlass org/apache/coyote/http11/Http11InputBuffer$SocketInputBuffer
instanceKlass org/apache/coyote/http11/Http11InputBuffer$HeaderParseData
instanceKlass org/apache/coyote/http11/Http11InputBuffer
instanceKlass org/apache/coyote/AsyncStateMachine
instanceKlass org/apache/coyote/RequestInfo
instanceKlass org/apache/tomcat/util/log/UserDataHelper
instanceKlass org/apache/tomcat/util/http/Parameters
instanceKlass org/apache/tomcat/util/http/ServerCookie
instanceKlass org/apache/tomcat/util/http/ServerCookies
instanceKlass org/apache/tomcat/util/http/MimeHeaderField
instanceKlass org/apache/tomcat/util/http/MimeHeaders
instanceKlass org/apache/tomcat/util/buf/AbstractChunk
instanceKlass org/apache/tomcat/util/buf/MessageBytes$MessageBytesFactory
instanceKlass org/apache/tomcat/util/buf/MessageBytes
instanceKlass org/apache/tomcat/util/net/ApplicationBufferHandler
instanceKlass jakarta/servlet/http/HttpUpgradeHandler
instanceKlass org/apache/coyote/http11/OutputFilter
instanceKlass org/apache/coyote/http11/HttpOutputBuffer
instanceKlass org/apache/coyote/http11/InputFilter
instanceKlass org/apache/coyote/OutputBuffer
instanceKlass org/apache/coyote/InputBuffer
instanceKlass org/apache/coyote/AbstractProcessorLight
instanceKlass org/apache/coyote/ActionHook
instanceKlass java/lang/invoke/ConstantBootstraps
instanceKlass java/nio/channels/SelectionKey
instanceKlass org/apache/tomcat/util/net/NioEndpoint$PollerEvent
instanceKlass sun/nio/ch/SocketChannelImpl$DefaultOptionsHolder
instanceKlass java/util/concurrent/Semaphore
instanceKlass java/util/concurrent/BlockingDeque
instanceKlass org/apache/tomcat/util/net/WriteBuffer
instanceKlass  @bci org/apache/tomcat/util/net/SocketWrapperBase <clinit> ()V 43 <appendix> argL0 ; # org/apache/tomcat/util/net/SocketWrapperBase$$Lambda+0x00000135228f5fa8
instanceKlass  @bci org/apache/tomcat/util/net/SocketWrapperBase <clinit> ()V 35 <appendix> argL0 ; # org/apache/tomcat/util/net/SocketWrapperBase$$Lambda+0x00000135228f5d88
instanceKlass  @bci org/apache/tomcat/util/net/SocketWrapperBase <clinit> ()V 27 <appendix> argL0 ; # org/apache/tomcat/util/net/SocketWrapperBase$$Lambda+0x00000135228f5b68
instanceKlass  @cpi org/apache/tomcat/util/net/SocketWrapperBase 733 form vmentry <vmtarget> ; # java/lang/invoke/LambdaForm$DMH+0x00000135228f8400
# instanceKlass java/lang/invoke/LambdaForm$DMH+0x00000135228f8000
instanceKlass org/apache/tomcat/util/net/SocketWrapperBase$CompletionCheck
instanceKlass org/apache/tomcat/util/net/SendfileDataBase
instanceKlass org/apache/tomcat/util/net/SocketWrapperBase$OperationState
instanceKlass jakarta/servlet/ServletConnection
instanceKlass org/apache/tomcat/util/net/SocketBufferHandler
instanceKlass org/apache/tomcat/PeriodicEventListener
instanceKlass  @bci org/apache/catalina/webresources/Cache backgroundProcess ()V 4 <appendix> argL0 ; # org/apache/catalina/webresources/Cache$$Lambda+0x00000135228f3d58
instanceKlass  @bci org/springframework/boot/SpringApplicationRunListeners ready (Lorg/springframework/context/ConfigurableApplicationContext;Ljava/time/Duration;)V 5 <appendix> member <vmtarget> ; # org/springframework/boot/SpringApplicationRunListeners$$Lambda+0x00000135228f3928
instanceKlass  @bci org/springframework/boot/SpringApplication callRunners (Lorg/springframework/context/ConfigurableApplicationContext;Lorg/springframework/boot/ApplicationArguments;)V 125 <appendix> member <vmtarget> ; # org/springframework/boot/SpringApplication$$Lambda+0x00000135228f36f0
instanceKlass java/util/IdentityHashMap$IdentityHashMapSpliterator
instanceKlass org/springframework/boot/SpringApplication$FactoryAwareOrderSourceProvider
instanceKlass org/springframework/boot/Runner
instanceKlass  @bci org/springframework/boot/SpringApplicationRunListeners started (Lorg/springframework/context/ConfigurableApplicationContext;Ljava/time/Duration;)V 5 <appendix> member <vmtarget> ; # org/springframework/boot/SpringApplicationRunListeners$$Lambda+0x00000135228f2c98
instanceKlass  @bci org/springframework/web/servlet/resource/ResourceUrlProvider lambda$detectResourceHandlers$1 (Lorg/springframework/web/servlet/handler/AbstractUrlHandlerMapping;)V 5 <appendix> member <vmtarget> ; # org/springframework/web/servlet/resource/ResourceUrlProvider$$Lambda+0x00000135228f2a60
instanceKlass  @bci org/springframework/web/servlet/resource/ResourceUrlProvider detectResourceHandlers (Lorg/springframework/context/ApplicationContext;)V 48 <appendix> member <vmtarget> ; # org/springframework/web/servlet/resource/ResourceUrlProvider$$Lambda+0x00000135228f2828
instanceKlass  @bci org/springframework/web/servlet/resource/ResourceUrlProvider detectResourceHandlers (Lorg/springframework/context/ApplicationContext;)V 37 <appendix> member <vmtarget> ; # org/springframework/web/servlet/resource/ResourceUrlProvider$$Lambda+0x00000135228f25e0
instanceKlass  @bci org/springframework/web/servlet/resource/ResourceUrlProvider detectResourceHandlers (Lorg/springframework/context/ApplicationContext;)V 20 <appendix> member <vmtarget> ; # org/springframework/web/servlet/resource/ResourceUrlProvider$$Lambda+0x00000135228f2388
instanceKlass  @bci org/springframework/boot/autoconfigure/condition/ConditionEvaluationReport addNoMatchOutcomeToAncestors (Ljava/lang/String;)V 13 <appendix> member <vmtarget> ; # org/springframework/boot/autoconfigure/condition/ConditionEvaluationReport$$Lambda+0x00000135228f2150
instanceKlass  @bci org/springframework/boot/autoconfigure/condition/ConditionEvaluationReport getConditionAndOutcomesBySource ()Ljava/util/Map; 12 <appendix> member <vmtarget> ; # org/springframework/boot/autoconfigure/condition/ConditionEvaluationReport$$Lambda+0x00000135228f1f18
instanceKlass  @bci org/springframework/boot/web/embedded/tomcat/TomcatWebServer getContextPath ()Ljava/lang/String; 70 <appendix> argL0 ; # org/springframework/boot/web/embedded/tomcat/TomcatWebServer$$Lambda+0x00000135228f1ab0
instanceKlass  @bci org/springframework/boot/web/embedded/tomcat/TomcatWebServer getContextPath ()Ljava/lang/String; 60 <appendix> argL0 ; # org/springframework/boot/web/embedded/tomcat/TomcatWebServer$$Lambda+0x00000135228f1870
instanceKlass  @bci org/springframework/boot/web/embedded/tomcat/TomcatWebServer getContextPath ()Ljava/lang/String; 50 <appendix> member <vmtarget> ; # org/springframework/boot/web/embedded/tomcat/TomcatWebServer$$Lambda+0x00000135228f1618
instanceKlass  @bci org/springframework/boot/web/embedded/tomcat/TomcatWebServer getContextPath ()Ljava/lang/String; 39 <appendix> member <vmtarget> ; # org/springframework/boot/web/embedded/tomcat/TomcatWebServer$$Lambda+0x00000135228f13d0
instanceKlass  @bci org/springframework/boot/web/embedded/tomcat/TomcatWebServer getContextPath ()Ljava/lang/String; 22 <appendix> member <vmtarget> ; # org/springframework/boot/web/embedded/tomcat/TomcatWebServer$$Lambda+0x00000135228f1178
instanceKlass  @bci org/springframework/boot/web/embedded/tomcat/TomcatEmbeddedContext lambda$deferredLoadOnStartup$0 ()V 9 <appendix> member <vmtarget> ; # org/springframework/boot/web/embedded/tomcat/TomcatEmbeddedContext$$Lambda+0x00000135228f0f40
instanceKlass  @bci org/springframework/boot/web/embedded/tomcat/TomcatEmbeddedContext getLoadOnStartupWrappers ([Lorg/apache/catalina/Container;)Ljava/util/stream/Stream; 95 <appendix> argL0 ; # org/springframework/boot/web/embedded/tomcat/TomcatEmbeddedContext$$Lambda+0x00000135228f0d00
instanceKlass java/util/TreeMap$TreeMapSpliterator
instanceKlass  @bci org/apache/coyote/AbstractProtocol startAsyncTimeout ()V 77 <appendix> member <vmtarget> ; # org/apache/coyote/AbstractProtocol$$Lambda+0x00000135228f0ad8
instanceKlass  @bci org/springframework/boot/web/embedded/tomcat/TomcatEmbeddedContext deferredLoadOnStartup ()V 11 <appendix> member <vmtarget> ; # org/springframework/boot/web/embedded/tomcat/TomcatEmbeddedContext$$Lambda+0x00000135228f08b0
instanceKlass  @bci org/apache/coyote/AbstractProtocol start ()V 58 <appendix> member <vmtarget> ; # org/apache/coyote/AbstractProtocol$$Lambda+0x00000135228f0688
instanceKlass org/apache/tomcat/util/net/Acceptor
instanceKlass java/nio/BufferMismatch
instanceKlass  @bci sun/nio/ch/UnixDomainSocketsUtil getTempDir ()Ljava/lang/String; 0 <appendix> argL0 ; # sun/nio/ch/UnixDomainSocketsUtil$$Lambda+0x0000013522864ef0
instanceKlass sun/nio/ch/UnixDomainSocketsUtil
instanceKlass sun/nio/ch/UnixDomainSockets
instanceKlass sun/nio/ch/PipeImpl$Initializer$LoopbackConnector
instanceKlass sun/nio/ch/PipeImpl$Initializer
instanceKlass java/nio/channels/Pipe
instanceKlass sun/nio/ch/WEPoll
instanceKlass sun/nio/ch/Util$2
instanceKlass java/nio/channels/spi/AbstractSelector$1
instanceKlass java/nio/channels/Selector
instanceKlass org/apache/tomcat/util/collections/SynchronizedQueue
instanceKlass org/apache/tomcat/util/net/NioEndpoint$Poller
instanceKlass org/apache/tomcat/util/threads/ThreadPoolExecutor$RejectPolicy
instanceKlass org/apache/tomcat/util/threads/ThreadPoolExecutor$RejectedExecutionHandler
instanceKlass  @bci sun/nio/ch/ServerSocketAdaptor create (Lsun/nio/ch/ServerSocketChannelImpl;)Ljava/net/ServerSocket; 1 <appendix> member <vmtarget> ; # sun/nio/ch/ServerSocketAdaptor$$Lambda+0x00000135228624b8
instanceKlass  @bci sun/nio/ch/DefaultSelectorProvider <clinit> ()V 0 <appendix> argL0 ; # sun/nio/ch/DefaultSelectorProvider$$Lambda+0x0000013522861b80
instanceKlass sun/nio/ch/DefaultSelectorProvider
instanceKlass  @bci java/nio/channels/spi/SelectorProvider$Holder provider ()Ljava/nio/channels/spi/SelectorProvider; 0 <appendix> argL0 ; # java/nio/channels/spi/SelectorProvider$Holder$$Lambda+0x00000135228612a8
instanceKlass java/nio/channels/spi/SelectorProvider$Holder
instanceKlass java/nio/channels/spi/SelectorProvider
instanceKlass  @bci org/springframework/context/support/DefaultLifecycleProcessor startBeans (Z)V 43 <appendix> argL0 ; # org/springframework/context/support/DefaultLifecycleProcessor$$Lambda+0x00000135228ef8f0
instanceKlass  @bci org/springframework/context/support/DefaultLifecycleProcessor lambda$startBeans$1 (ZLjava/util/Map;Ljava/util/Map;Ljava/lang/String;Lorg/springframework/context/Lifecycle;)V 32 <appendix> member <vmtarget> ; # org/springframework/context/support/DefaultLifecycleProcessor$$Lambda+0x00000135228ef498
instanceKlass  @bci org/springframework/context/support/DefaultLifecycleProcessor startBeans (Z)V 18 <adapter> ; # java/lang/invoke/LambdaForm$MH+0x00000135228ea400
# instanceKlass java/lang/invoke/LambdaForm$DMH+0x00000135228ea000
instanceKlass  @bci org/springframework/context/support/DefaultLifecycleProcessor startBeans (Z)V 18 <appendix> form vmentry <vmtarget> ; # java/lang/invoke/LambdaForm$DMH+0x00000135228e9c00
instanceKlass  @bci org/springframework/context/support/DefaultLifecycleProcessor startBeans (Z)V 18 <appendix> member <vmtarget> ; # org/springframework/context/support/DefaultLifecycleProcessor$$Lambda+0x00000135228ef260
instanceKlass  @cpi org/springframework/context/support/DefaultLifecycleProcessor 564 form vmentry <vmtarget> ; # java/lang/invoke/LambdaForm$DMH+0x00000135228e9800
instanceKlass org/springframework/util/ConcurrentReferenceHashMap$EntryIterator
instanceKlass java/util/AbstractMap$KeyIterator
instanceKlass  @bci org/springframework/beans/CachedIntrospectionResults clearClassLoader (Ljava/lang/ClassLoader;)V 44 <appendix> member <vmtarget> ; # org/springframework/beans/CachedIntrospectionResults$$Lambda+0x00000135228ee990
instanceKlass  @bci org/springframework/beans/CachedIntrospectionResults clearClassLoader (Ljava/lang/ClassLoader;)V 24 <appendix> member <vmtarget> ; # org/springframework/beans/CachedIntrospectionResults$$Lambda+0x00000135228ee738
instanceKlass  @bci org/springframework/beans/CachedIntrospectionResults clearClassLoader (Ljava/lang/ClassLoader;)V 4 <appendix> member <vmtarget> ; # org/springframework/beans/CachedIntrospectionResults$$Lambda+0x00000135228ee4e0
instanceKlass org/springframework/aop/aspectj/ShadowMatchUtils
instanceKlass jakarta/servlet/descriptor/JspConfigDescriptor
instanceKlass  @bci org/springframework/context/event/EventListenerMethodProcessor processBean (Ljava/lang/String;Ljava/lang/Class;)V 32 <appendix> argL0 ; # org/springframework/context/event/EventListenerMethodProcessor$$Lambda+0x00000135228edeb8
instanceKlass org/springframework/context/event/EventListener
instanceKlass org/springframework/web/multipart/MultipartHttpServletRequest
instanceKlass org/springframework/web/multipart/MultipartRequest
instanceKlass  @bci org/springframework/boot/autoconfigure/web/client/RestClientAutoConfiguration restClientBuilderConfigurer (Lorg/springframework/beans/factory/ObjectProvider;Lorg/springframework/beans/factory/ObjectProvider;Lorg/springframework/beans/factory/ObjectProvider;)Lorg/springframework/boot/autoconfigure/web/client/RestClientBuilderConfigurer; 19 <appendix> argL0 ; # org/springframework/boot/autoconfigure/web/client/RestClientAutoConfiguration$$Lambda+0x00000135228ed698
# instanceKlass java/lang/invoke/LambdaForm$MH+0x00000135228e9400
instanceKlass  @bci org/springframework/boot/autoconfigure/web/client/RestClientAutoConfiguration restClientBuilderConfigurer (Lorg/springframework/beans/factory/ObjectProvider;Lorg/springframework/beans/factory/ObjectProvider;Lorg/springframework/beans/factory/ObjectProvider;)Lorg/springframework/boot/autoconfigure/web/client/RestClientBuilderConfigurer; 5 <appendix> argL0 ; # org/springframework/boot/autoconfigure/web/client/RestClientAutoConfiguration$$Lambda+0x00000135228ed478
# instanceKlass java/lang/invoke/LambdaForm$MH+0x00000135228e9000
instanceKlass  @bci org/springframework/boot/autoconfigure/web/client/RestClientAutoConfiguration restClientSsl (Lorg/springframework/beans/factory/ObjectProvider;Lorg/springframework/beans/factory/ObjectProvider;Lorg/springframework/boot/ssl/SslBundles;)Lorg/springframework/boot/autoconfigure/web/client/AutoConfiguredRestClientSsl; 19 <appendix> argL0 ; # org/springframework/boot/autoconfigure/web/client/RestClientAutoConfiguration$$Lambda+0x00000135228ed258
instanceKlass  @bci org/springframework/boot/autoconfigure/web/client/RestClientAutoConfiguration restClientSsl (Lorg/springframework/beans/factory/ObjectProvider;Lorg/springframework/beans/factory/ObjectProvider;Lorg/springframework/boot/ssl/SslBundles;)Lorg/springframework/boot/autoconfigure/web/client/AutoConfiguredRestClientSsl; 5 <appendix> argL0 ; # org/springframework/boot/autoconfigure/web/client/RestClientAutoConfiguration$$Lambda+0x00000135228ed038
# instanceKlass java/lang/invoke/LambdaForm$MH+0x00000135228e8c00
# instanceKlass java/lang/invoke/LambdaForm$MH+0x00000135228e8800
instanceKlass org/springframework/transaction/reactive/TransactionalOperator
instanceKlass org/springframework/transaction/support/TransactionCallback
instanceKlass org/springframework/boot/LazyInitializationExcludeFilter
instanceKlass  @bci org/springframework/boot/task/SimpleAsyncTaskSchedulerBuilder append (Ljava/util/Set;Ljava/lang/Iterable;)Ljava/util/Set; 26 <appendix> member <vmtarget> ; # org/springframework/boot/task/SimpleAsyncTaskSchedulerBuilder$$Lambda+0x00000135228ec248
instanceKlass  @bci org/springframework/boot/autoconfigure/task/TaskSchedulingConfigurations$SimpleAsyncTaskSchedulerBuilderConfiguration builder ()Lorg/springframework/boot/task/SimpleAsyncTaskSchedulerBuilder; 52 <appendix> member <vmtarget> ; # org/springframework/boot/autoconfigure/task/TaskSchedulingConfigurations$SimpleAsyncTaskSchedulerBuilderConfiguration$$Lambda+0x00000135228ec000
# instanceKlass java/lang/invoke/LambdaForm$MH+0x00000135228e8400
# instanceKlass java/lang/invoke/LambdaForm$MH+0x00000135228e8000
instanceKlass org/springframework/boot/task/SimpleAsyncTaskSchedulerCustomizer
instanceKlass org/springframework/boot/autoconfigure/task/TaskSchedulingConfigurations
instanceKlass  @bci org/springframework/boot/task/ThreadPoolTaskSchedulerBuilder append (Ljava/util/Set;Ljava/lang/Iterable;)Ljava/util/Set; 26 <appendix> member <vmtarget> ; # org/springframework/boot/task/ThreadPoolTaskSchedulerBuilder$$Lambda+0x00000135228e4800
instanceKlass org/springframework/boot/task/ThreadPoolTaskSchedulerCustomizer
instanceKlass org/springframework/jdbc/core/simple/JdbcClient$StatementSpec
instanceKlass org/springframework/jdbc/core/simple/DefaultJdbcClient
instanceKlass org/springframework/boot/info/InfoProperties
instanceKlass  @bci org/springframework/boot/autoconfigure/http/client/ClientHttpRequestFactories settings ()Lorg/springframework/boot/http/client/ClientHttpRequestFactorySettings; 50 <appendix> argL0 ; # org/springframework/boot/autoconfigure/http/client/ClientHttpRequestFactories$$Lambda+0x00000135228e76d0
instanceKlass  @bci org/springframework/boot/autoconfigure/http/client/ClientHttpRequestFactories settings ()Lorg/springframework/boot/http/client/ClientHttpRequestFactorySettings; 45 <appendix> argL0 ; # org/springframework/boot/autoconfigure/http/client/ClientHttpRequestFactories$$Lambda+0x00000135228e7490
instanceKlass  @bci org/springframework/boot/autoconfigure/http/client/ClientHttpRequestFactories settings ()Lorg/springframework/boot/http/client/ClientHttpRequestFactorySettings; 40 <appendix> argL0 ; # org/springframework/boot/autoconfigure/http/client/ClientHttpRequestFactories$$Lambda+0x00000135228e7250
instanceKlass  @bci org/springframework/boot/autoconfigure/http/client/ClientHttpRequestFactories settings ()Lorg/springframework/boot/http/client/ClientHttpRequestFactorySettings; 27 <appendix> argL0 ; # org/springframework/boot/autoconfigure/http/client/ClientHttpRequestFactories$$Lambda+0x00000135228e7010
instanceKlass  @bci org/springframework/boot/autoconfigure/http/client/ClientHttpRequestFactories settings ()Lorg/springframework/boot/http/client/ClientHttpRequestFactorySettings; 14 <appendix> argL0 ; # org/springframework/boot/autoconfigure/http/client/ClientHttpRequestFactories$$Lambda+0x00000135228e6dd0
instanceKlass  @bci org/springframework/boot/autoconfigure/http/client/ClientHttpRequestFactories settings ()Lorg/springframework/boot/http/client/ClientHttpRequestFactorySettings; 1 <appendix> argL0 ; # org/springframework/boot/autoconfigure/http/client/ClientHttpRequestFactories$$Lambda+0x00000135228e6b90
instanceKlass org/springframework/http/client/JdkClientHttpRequestFactory
instanceKlass  @bci org/springframework/boot/autoconfigure/http/client/HttpClientAutoConfiguration customize (Lorg/springframework/boot/http/client/ClientHttpRequestFactoryBuilder;Ljava/util/List;)Lorg/springframework/boot/http/client/ClientHttpRequestFactoryBuilder; 23 <appendix> member <vmtarget> ; # org/springframework/boot/autoconfigure/http/client/HttpClientAutoConfiguration$$Lambda+0x00000135228e39d0
instanceKlass  @bci org/springframework/boot/http/client/Empty <clinit> ()V 0 <appendix> argL0 ; # org/springframework/boot/http/client/Empty$$Lambda+0x00000135228e37a0
instanceKlass org/springframework/boot/http/client/Empty
instanceKlass org/springframework/boot/http/client/JdkHttpClientBuilder
instanceKlass org/springframework/boot/http/client/AbstractClientHttpRequestFactoryBuilder
instanceKlass java/net/http/HttpClient
instanceKlass org/springframework/boot/http/client/JdkClientHttpRequestFactoryBuilder$Classes
instanceKlass org/springframework/boot/http/client/ReactorClientHttpRequestFactoryBuilder$Classes
instanceKlass org/springframework/boot/http/client/JettyClientHttpRequestFactoryBuilder$Classes
instanceKlass org/springframework/boot/http/client/HttpComponentsClientHttpRequestFactoryBuilder$Classes
instanceKlass  @bci org/springframework/boot/autoconfigure/http/client/ClientHttpRequestFactories getProperty (Ljava/util/function/Function;)Ljava/lang/Object; 5 <appendix> argL0 ; # org/springframework/boot/autoconfigure/http/client/ClientHttpRequestFactories$$Lambda+0x00000135228e2458
instanceKlass  @bci org/springframework/boot/autoconfigure/http/client/ClientHttpRequestFactories builder (Ljava/lang/ClassLoader;)Lorg/springframework/boot/http/client/ClientHttpRequestFactoryBuilder; 1 <appendix> argL0 ; # org/springframework/boot/autoconfigure/http/client/ClientHttpRequestFactories$$Lambda+0x00000135228e2218
instanceKlass org/springframework/boot/autoconfigure/http/client/ClientHttpRequestFactories
instanceKlass org/springframework/boot/autoconfigure/http/client/AbstractHttpClientProperties$Ssl
instanceKlass org/springframework/data/domain/OffsetScrollPosition
instanceKlass  @bci org/springframework/data/web/config/SpringDataWebConfiguration customizeOffsetResolver (Lorg/springframework/data/web/OffsetScrollPositionHandlerMethodArgumentResolver;)V 8 <appendix> member <vmtarget> ; # org/springframework/data/web/config/SpringDataWebConfiguration$$Lambda+0x00000135228e1100
instanceKlass org/springframework/core/convert/support/MapToMapConverter$MapEntry
instanceKlass org/springframework/data/jpa/repository/support/JpaEvaluationContextExtension$JpaRootObject
# instanceKlass java/lang/invoke/LambdaForm$MH+0x00000135228e4000
instanceKlass  @bci org/springframework/data/repository/config/RepositoryRegistrationAotProcessor setBeanFactory (Lorg/springframework/beans/factory/BeanFactory;)V 4 <appendix> member <vmtarget> ; # org/springframework/data/repository/config/RepositoryRegistrationAotProcessor$$Lambda+0x00000135228e0aa0
instanceKlass org/springframework/data/relational/core/conversion/BatchingAggregateChange
instanceKlass org/springframework/data/relational/core/conversion/DeleteAggregateChange
instanceKlass org/springframework/data/relational/core/conversion/RootAggregateChange
instanceKlass org/springframework/data/jdbc/core/convert/SequenceEntityCallbackDelegate
instanceKlass org/springframework/data/jdbc/core/AggregateChangeExecutor
instanceKlass org/springframework/data/relational/core/conversion/RelationalEntityDeleteWriter
instanceKlass org/springframework/data/convert/EntityWriter
instanceKlass org/springframework/data/mapping/callback/EntityCallbackDiscoverer$CallbackRetriever
instanceKlass org/springframework/data/mapping/callback/EntityCallbackDiscoverer
instanceKlass org/springframework/data/mapping/callback/DefaultEntityCallbacks$SimpleEntityCallbackInvoker
instanceKlass org/springframework/data/mapping/callback/EntityCallbackInvoker
instanceKlass org/springframework/data/mapping/callback/DefaultEntityCallbacks
instanceKlass org/springframework/data/mapping/callback/EntityCallbacks
instanceKlass org/springframework/data/relational/core/EntityLifecycleEventDelegate
instanceKlass org/springframework/data/relational/core/conversion/MutableAggregateChange
instanceKlass org/springframework/data/relational/core/conversion/AggregateChange
# instanceKlass java/lang/invoke/LambdaForm$MH+0x00000135228de400
# instanceKlass java/lang/invoke/LambdaForm$MH+0x00000135228de000
# instanceKlass java/lang/invoke/LambdaForm$MH+0x00000135228ddc00
# instanceKlass java/lang/invoke/LambdaForm$MH+0x00000135228dd800
instanceKlass org/springframework/data/jdbc/core/convert/EntityRowMapper
instanceKlass org/springframework/data/jdbc/core/convert/InsertSubject
instanceKlass org/springframework/jdbc/core/namedparam/AbstractSqlParameterSource
instanceKlass org/springframework/data/relational/core/sql/SqlIdentifier
instanceKlass org/springframework/data/jdbc/core/convert/SqlGenerator
instanceKlass org/springframework/data/relational/core/query/Query
instanceKlass org/springframework/data/jdbc/core/convert/DefaultDataAccessStrategy
instanceKlass org/springframework/data/jdbc/core/convert/BatchInsertStrategy
instanceKlass org/springframework/data/jdbc/core/convert/InsertStrategy
instanceKlass org/springframework/data/jdbc/core/convert/InsertStrategyFactory
instanceKlass org/springframework/data/jdbc/core/convert/SqlParametersFactory
instanceKlass org/springframework/data/jdbc/core/convert/DataAccessStrategyFactory
instanceKlass org/springframework/data/jdbc/core/convert/SqlGeneratorSource
# instanceKlass java/lang/invoke/LambdaForm$MH+0x00000135228dd400
# instanceKlass java/lang/invoke/LambdaForm$MH+0x00000135228dd000
# instanceKlass java/lang/invoke/LambdaForm$MH+0x00000135228dcc00
# instanceKlass java/lang/invoke/LambdaForm$MH+0x00000135228dc800
# instanceKlass java/lang/invoke/LambdaForm$MH+0x00000135228dc400
# instanceKlass java/lang/invoke/LambdaForm$MH+0x00000135228dc000
instanceKlass org/springframework/data/relational/core/conversion/MappingRelationalConverter$DefaultConversionContext
instanceKlass org/springframework/data/relational/core/conversion/ObjectPath
instanceKlass org/springframework/data/projection/EntityProjection
instanceKlass org/springframework/data/relational/domain/RowDocument
instanceKlass  @bci org/springframework/data/jdbc/core/convert/MappingJdbcConverter registerAggregateReferenceConverters ()V 21 <appendix> member <vmtarget> ; # org/springframework/data/jdbc/core/convert/MappingJdbcConverter$$Lambda+0x00000135228d2800
instanceKlass org/springframework/data/jdbc/core/convert/AggregateReferenceConverters$SimpleTypeToAggregateReferenceConverter
instanceKlass org/springframework/data/jdbc/core/mapping/AggregateReference
instanceKlass org/springframework/data/jdbc/core/convert/AggregateReferenceConverters$AggregateReferenceToSimpleTypeConverter
instanceKlass org/springframework/data/jdbc/core/convert/AggregateReferenceConverters
instanceKlass  @bci org/springframework/data/projection/EntityProjectionIntrospector$ProjectionPredicate and (Lorg/springframework/data/projection/EntityProjectionIntrospector$ProjectionPredicate;)Lorg/springframework/data/projection/EntityProjectionIntrospector$ProjectionPredicate; 2 <appendix> member <vmtarget> ; # org/springframework/data/projection/EntityProjectionIntrospector$ProjectionPredicate$$Lambda+0x00000135228d3248
instanceKlass  @bci org/springframework/data/relational/core/conversion/MappingRelationalConverter createIntrospector (Lorg/springframework/data/projection/ProjectionFactory;Lorg/springframework/data/convert/CustomConversions;Lorg/springframework/data/mapping/context/MappingContext;)Lorg/springframework/data/projection/EntityProjectionIntrospector; 5 <appendix> member <vmtarget> ; # org/springframework/data/relational/core/conversion/MappingRelationalConverter$$Lambda+0x00000135228d3000
instanceKlass  @bci org/springframework/data/projection/EntityProjectionIntrospector$ProjectionPredicate negate ()Lorg/springframework/data/projection/EntityProjectionIntrospector$ProjectionPredicate; 1 <appendix> member <vmtarget> ; # org/springframework/data/projection/EntityProjectionIntrospector$ProjectionPredicate$$Lambda+0x00000135228d7d88
instanceKlass  @bci org/springframework/data/projection/EntityProjectionIntrospector$ProjectionPredicate typeHierarchy ()Lorg/springframework/data/projection/EntityProjectionIntrospector$ProjectionPredicate; 0 <appendix> argL0 ; # org/springframework/data/projection/EntityProjectionIntrospector$ProjectionPredicate$$Lambda+0x00000135228d7b48
instanceKlass org/springframework/data/projection/EntityProjectionIntrospector
instanceKlass org/springframework/data/projection/EntityProjectionIntrospector$ProjectionPredicate
instanceKlass org/springframework/data/mapping/model/SpELContext
instanceKlass  @bci org/springframework/data/mapping/model/CachingValueExpressionEvaluatorFactory <init> (Lorg/springframework/expression/ExpressionParser;Lorg/springframework/core/env/EnvironmentCapable;Lorg/springframework/data/spel/EvaluationContextProvider;I)V 35 <appendix> member <vmtarget> ; # org/springframework/data/mapping/model/CachingValueExpressionEvaluatorFactory$$Lambda+0x00000135228d6fe8
instanceKlass  @bci org/springframework/data/mapping/model/CachingValueExpressionEvaluatorFactory <init> (Lorg/springframework/expression/ExpressionParser;Lorg/springframework/core/env/EnvironmentCapable;Lorg/springframework/data/spel/EvaluationContextProvider;I)V 11 <appendix> member <vmtarget> ; # org/springframework/data/mapping/model/CachingValueExpressionEvaluatorFactory$$Lambda+0x00000135228d6dc0
instanceKlass  @bci org/springframework/data/relational/core/conversion/MappingRelationalConverter <init> (Lorg/springframework/data/relational/core/mapping/RelationalMappingContext;Lorg/springframework/data/convert/CustomConversions;)V 43 <appendix> member <vmtarget> ; # org/springframework/data/relational/core/conversion/MappingRelationalConverter$$Lambda+0x00000135228d6b88
instanceKlass org/springframework/data/mapping/model/ValueExpressionEvaluator
instanceKlass org/springframework/data/mapping/model/CachingValueExpressionEvaluatorFactory
instanceKlass  @bci org/springframework/data/convert/CustomConversions registerConvertersIn (Lorg/springframework/core/convert/converter/ConverterRegistry;)V 12 <appendix> member <vmtarget> ; # org/springframework/data/convert/CustomConversions$$Lambda+0x00000135228d6508
instanceKlass org/springframework/data/jdbc/core/convert/IterableOfEntryToMapConverter
instanceKlass org/springframework/data/relational/core/conversion/MappingRelationalConverter$ConversionContext
instanceKlass org/springframework/data/relational/core/conversion/MappingRelationalConverter$RelationalPropertyValueProvider
instanceKlass org/springframework/data/mapping/model/PropertyValueProvider
instanceKlass org/springframework/data/relational/core/conversion/RowDocumentAccessor
instanceKlass org/springframework/data/mapping/model/ParameterValueProvider
instanceKlass org/springframework/data/relational/core/conversion/AbstractRelationalConverter
instanceKlass org/springframework/data/jdbc/core/convert/DefaultJdbcTypeFactory
# instanceKlass java/lang/invoke/LambdaForm$MH+0x00000135228d2400
# instanceKlass java/lang/invoke/LambdaForm$MH+0x00000135228d2000
# instanceKlass java/lang/invoke/LambdaForm$MH+0x00000135228d1c00
# instanceKlass java/lang/invoke/LambdaForm$MH+0x00000135228d1800
# instanceKlass java/lang/invoke/LambdaForm$MH+0x00000135228d1400
# instanceKlass java/lang/invoke/LambdaForm$MH+0x00000135228d1000
# instanceKlass java/lang/invoke/LambdaForm$MH+0x00000135228d0c00
# instanceKlass java/lang/invoke/LambdaForm$DMH+0x00000135228d0800
instanceKlass org/springframework/data/jdbc/core/convert/Identifier
instanceKlass org/springframework/context/annotation/ContextAnnotationAutowireCandidateResolver$LazyDependencyTargetSource
instanceKlass  @bci org/springframework/data/relational/core/mapping/CachingNamingStrategy <init> (Lorg/springframework/data/relational/core/mapping/NamingStrategy;)V 55 <appendix> member <vmtarget> ; # org/springframework/data/relational/core/mapping/CachingNamingStrategy$$Lambda+0x00000135228cf730
instanceKlass org/springframework/data/relational/core/mapping/CachingNamingStrategy
instanceKlass  @bci org/springframework/data/relational/core/mapping/SqlIdentifierSanitizer words ()Lorg/springframework/data/relational/core/mapping/SqlIdentifierSanitizer; 7 <appendix> member <vmtarget> ; # org/springframework/data/relational/core/mapping/SqlIdentifierSanitizer$$Lambda+0x00000135228cf288
instanceKlass org/springframework/data/relational/core/mapping/SqlIdentifierSanitizer
instanceKlass org/springframework/data/relational/core/mapping/ExpressionEvaluator
instanceKlass org/springframework/data/relational/core/mapping/DefaultNamingStrategy
instanceKlass org/springframework/data/relational/core/mapping/AggregatePath
instanceKlass org/springframework/data/relational/core/mapping/RelationalPersistentProperty
instanceKlass org/springframework/data/relational/core/mapping/RelationalPersistentEntity
# instanceKlass java/lang/invoke/LambdaForm$MH+0x00000135228d0400
# instanceKlass java/lang/invoke/LambdaForm$MH+0x00000135228d0000
instanceKlass  @bci org/springframework/data/convert/CustomConversions <init> (Lorg/springframework/data/convert/CustomConversions$ConverterConfiguration;)V 144 <appendix> member <vmtarget> ; # org/springframework/data/convert/CustomConversions$$Lambda+0x00000135228ccf48
instanceKlass  @bci org/springframework/data/convert/CustomConversions <init> (Lorg/springframework/data/convert/CustomConversions$ConverterConfiguration;)V 133 <appendix> argL0 ; # org/springframework/data/convert/CustomConversions$$Lambda+0x00000135228ccd08
instanceKlass  @bci org/springframework/data/convert/CustomConversions <init> (Lorg/springframework/data/convert/CustomConversions$ConverterConfiguration;)V 123 <appendix> member <vmtarget> ; # org/springframework/data/convert/CustomConversions$$Lambda+0x00000135228ccab0
instanceKlass  @bci org/springframework/data/convert/CustomConversions <init> (Lorg/springframework/data/convert/CustomConversions$ConverterConfiguration;)V 112 <appendix> member <vmtarget> ; # org/springframework/data/convert/CustomConversions$$Lambda+0x00000135228cc858
instanceKlass  @bci org/springframework/data/convert/CustomConversions collectPotentialConverterRegistrations (Lorg/springframework/data/convert/CustomConversions$StoreConversions;Ljava/util/Collection;)Ljava/util/List; 177 <appendix> member <vmtarget> ; # org/springframework/data/convert/CustomConversions$$Lambda+0x00000135228cc620
instanceKlass  @bci org/springframework/data/convert/CustomConversions collectPotentialConverterRegistrations (Lorg/springframework/data/convert/CustomConversions$StoreConversions;Ljava/util/Collection;)Ljava/util/List; 161 <appendix> argL0 ; # org/springframework/data/convert/CustomConversions$$Lambda+0x00000135228cc3e0
instanceKlass  @bci org/springframework/data/convert/CustomConversions collectPotentialConverterRegistrations (Lorg/springframework/data/convert/CustomConversions$StoreConversions;Ljava/util/Collection;)Ljava/util/List; 151 <appendix> argL0 ; # org/springframework/data/convert/CustomConversions$$Lambda+0x00000135228cc1a0
instanceKlass  @bci org/springframework/data/convert/CustomConversions collectPotentialConverterRegistrations (Lorg/springframework/data/convert/CustomConversions$StoreConversions;Ljava/util/Collection;)Ljava/util/List; 141 <appendix> member <vmtarget> ; # org/springframework/data/convert/CustomConversions$$Lambda+0x00000135228cbf58
instanceKlass org/springframework/data/convert/ConverterBuilder$ConverterAware
instanceKlass org/springframework/data/convert/ConverterBuilder$WritingConverterAware
instanceKlass org/springframework/data/convert/ConverterBuilder$ReadingConverterAware
instanceKlass org/springframework/data/convert/ConverterBuilder
instanceKlass org/springframework/data/convert/ReadingConverter
instanceKlass org/springframework/data/convert/WritingConverter
instanceKlass  @bci org/springframework/data/convert/CustomConversions collectPotentialConverterRegistrations (Lorg/springframework/data/convert/CustomConversions$StoreConversions;Ljava/util/Collection;)Ljava/util/List; 117 <appendix> member <vmtarget> ; # org/springframework/data/convert/CustomConversions$$Lambda+0x00000135228ca648
instanceKlass  @bci org/springframework/data/convert/CustomConversions collectPotentialConverterRegistrations (Lorg/springframework/data/convert/CustomConversions$StoreConversions;Ljava/util/Collection;)Ljava/util/List; 101 <appendix> argL0 ; # org/springframework/data/convert/CustomConversions$$Lambda+0x00000135228ca408
instanceKlass  @bci org/springframework/data/convert/CustomConversions collectPotentialConverterRegistrations (Lorg/springframework/data/convert/CustomConversions$StoreConversions;Ljava/util/Collection;)Ljava/util/List; 91 <appendix> argL0 ; # org/springframework/data/convert/CustomConversions$$Lambda+0x00000135228ca1c8
instanceKlass  @bci org/springframework/data/convert/CustomConversions collectPotentialConverterRegistrations (Lorg/springframework/data/convert/CustomConversions$StoreConversions;Ljava/util/Collection;)Ljava/util/List; 81 <appendix> member <vmtarget> ; # org/springframework/data/convert/CustomConversions$$Lambda+0x00000135228c9f80
instanceKlass  @bci org/springframework/data/convert/CustomConversions collectPotentialConverterRegistrations (Lorg/springframework/data/convert/CustomConversions$StoreConversions;Ljava/util/Collection;)Ljava/util/List; 56 <appendix> member <vmtarget> ; # org/springframework/data/convert/CustomConversions$$Lambda+0x00000135228c9d48
instanceKlass  @bci org/springframework/data/convert/CustomConversions collectPotentialConverterRegistrations (Lorg/springframework/data/convert/CustomConversions$StoreConversions;Ljava/util/Collection;)Ljava/util/List; 40 <appendix> argL0 ; # org/springframework/data/convert/CustomConversions$$Lambda+0x00000135228c9b08
instanceKlass org/springframework/data/convert/CustomConversions$ConverterRegistration
instanceKlass org/springframework/data/convert/CustomConversions$ConverterRegistrationIntent
instanceKlass  @bci org/springframework/data/convert/CustomConversions collectPotentialConverterRegistrations (Lorg/springframework/data/convert/CustomConversions$StoreConversions;Ljava/util/Collection;)Ljava/util/List; 30 <appendix> argL0 ; # org/springframework/data/convert/CustomConversions$$Lambda+0x00000135228c9428
instanceKlass  @bci org/springframework/data/convert/CustomConversions collectPotentialConverterRegistrations (Lorg/springframework/data/convert/CustomConversions$StoreConversions;Ljava/util/Collection;)Ljava/util/List; 20 <appendix> member <vmtarget> ; # org/springframework/data/convert/CustomConversions$$Lambda+0x00000135228c91e0
instanceKlass  @bci org/springframework/data/convert/CustomConversions <init> (Lorg/springframework/data/convert/CustomConversions$ConverterConfiguration;)V 81 <appendix> member <vmtarget> ; # org/springframework/data/convert/CustomConversions$$Lambda+0x00000135228c8f98
instanceKlass  @bci org/springframework/data/convert/CustomConversions <init> (Lorg/springframework/data/convert/CustomConversions$ConverterConfiguration;)V 71 <appendix> member <vmtarget> ; # org/springframework/data/convert/CustomConversions$$Lambda+0x00000135228c8d50
instanceKlass  @bci org/springframework/data/convert/CustomConversions <init> (Lorg/springframework/data/convert/CustomConversions$ConverterConfiguration;)V 61 <appendix> member <vmtarget> ; # org/springframework/data/convert/CustomConversions$$Lambda+0x00000135228c8b08
instanceKlass org/springframework/data/convert/CustomConversions$ConversionTargetsCache
instanceKlass org/springframework/data/convert/PropertyValueConverterFactories$CachingPropertyValueConverterFactory$Cache
instanceKlass org/springframework/data/convert/PropertyValueConverterFactories$CachingPropertyValueConverterFactory
instanceKlass  @bci org/springframework/data/convert/SimplePropertyValueConversions init ()V 30 <appendix> member <vmtarget> ; # org/springframework/data/convert/SimplePropertyValueConversions$$Lambda+0x00000135228c8240
instanceKlass  @bci org/springframework/data/convert/SimplePropertyValueConversions resolveConverterRegistryAsConverterFactory ()Ljava/util/Optional; 15 <appendix> argL0 ; # org/springframework/data/convert/SimplePropertyValueConversions$$Lambda+0x00000135228c8000
instanceKlass  @bci org/springframework/data/convert/SimplePropertyValueConversions resolveConverterRegistryAsConverterFactory ()Ljava/util/Optional; 7 <appendix> argL0 ; # org/springframework/data/convert/SimplePropertyValueConversions$$Lambda+0x00000135228c7cd0
instanceKlass org/springframework/data/convert/PropertyValueConverterFactories$SimplePropertyConverterFactory
instanceKlass org/springframework/data/convert/PropertyValueConverterFactory
instanceKlass org/springframework/data/convert/SimplePropertyValueConverterRegistry
instanceKlass org/springframework/data/convert/ValueConverterRegistry
instanceKlass org/springframework/data/convert/PropertyValueConverter
instanceKlass org/springframework/data/convert/SimplePropertyValueConversions
instanceKlass org/springframework/data/convert/PropertyValueConversions
instanceKlass  @bci org/springframework/data/convert/CustomConversions$ConverterConfiguration <init> (Lorg/springframework/data/convert/CustomConversions$StoreConversions;Ljava/util/List;Ljava/util/function/Predicate;)V 4 <appendix> argL0 ; # org/springframework/data/convert/CustomConversions$ConverterConfiguration$$Lambda+0x00000135228c6b60
instanceKlass org/springframework/data/convert/PropertyValueConverterRegistrar
instanceKlass  @bci org/springframework/data/jdbc/core/convert/JdbcCustomConversions <init> (Lorg/springframework/data/convert/CustomConversions$StoreConversions;Ljava/util/List;)V 7 <appendix> argL0 ; # org/springframework/data/jdbc/core/convert/JdbcCustomConversions$$Lambda+0x00000135228c66d8
instanceKlass org/springframework/data/convert/CustomConversions$ConverterConfiguration
instanceKlass org/springframework/data/convert/CustomConversions$StoreConversions
instanceKlass org/springframework/data/jdbc/core/convert/Jsr310TimestampBasedConverters
instanceKlass org/springframework/data/convert/JMoleculesConverters
instanceKlass org/springframework/data/jdbc/core/mapping/JdbcValue
instanceKlass java/sql/RowId
instanceKlass java/sql/Ref
instanceKlass org/springframework/data/jdbc/core/mapping/JdbcSimpleTypes
instanceKlass org/springframework/data/relational/core/sql/Select
instanceKlass org/springframework/data/relational/core/sql/AbstractSegment
instanceKlass org/springframework/data/relational/core/sql/Expression
instanceKlass org/springframework/data/relational/core/sql/Segment
instanceKlass org/springframework/data/relational/core/sql/Visitable
instanceKlass org/springframework/data/relational/core/dialect/Escaper
instanceKlass org/springframework/data/relational/core/dialect/OrderByNullPrecedence
instanceKlass  @bci org/springframework/data/jdbc/core/dialect/DialectResolver getDialect (Lorg/springframework/jdbc/core/JdbcOperations;)Lorg/springframework/data/jdbc/core/dialect/JdbcDialect; 56 <appendix> member <vmtarget> ; # org/springframework/data/jdbc/core/dialect/DialectResolver$$Lambda+0x00000135228c16a0
instanceKlass org/springframework/jdbc/datasource/SmartDataSource
instanceKlass org/springframework/data/relational/core/dialect/MySqlDialect$2
instanceKlass org/springframework/data/relational/core/dialect/MySqlDialect$1
instanceKlass org/springframework/data/relational/core/sql/DefaultIdentifierProcessing
instanceKlass org/springframework/data/relational/core/sql/IdentifierProcessing$Quoting
instanceKlass org/springframework/data/relational/core/dialect/IdGeneration
instanceKlass org/springframework/data/relational/core/dialect/LockClause
instanceKlass org/springframework/data/relational/core/dialect/LimitClause
instanceKlass org/springframework/data/relational/core/sql/render/SelectRenderContext
instanceKlass org/springframework/data/relational/core/dialect/InsertRenderContext
instanceKlass org/springframework/data/relational/core/dialect/AbstractDialect
instanceKlass org/springframework/jdbc/core/JdbcTemplate$CloseSuppressingInvocationHandler
instanceKlass org/springframework/jdbc/datasource/ConnectionProxy
instanceKlass org/springframework/jdbc/datasource/DataSourceUtils
instanceKlass  @bci org/springframework/data/jdbc/core/dialect/DialectResolver$DefaultDialectProvider getDialect (Lorg/springframework/jdbc/core/JdbcOperations;)Ljava/util/Optional; 1 <appendix> argL0 ; # org/springframework/data/jdbc/core/dialect/DialectResolver$DefaultDialectProvider$$Lambda+0x00000135228bf500
instanceKlass  @bci org/springframework/data/jdbc/core/dialect/DialectResolver getDialect (Lorg/springframework/jdbc/core/JdbcOperations;)Lorg/springframework/data/jdbc/core/dialect/JdbcDialect; 40 <appendix> argL0 ; # org/springframework/data/jdbc/core/dialect/DialectResolver$$Lambda+0x00000135228bf2c0
instanceKlass  @bci org/springframework/data/jdbc/core/dialect/DialectResolver getDialect (Lorg/springframework/jdbc/core/JdbcOperations;)Lorg/springframework/data/jdbc/core/dialect/JdbcDialect; 30 <appendix> argL0 ; # org/springframework/data/jdbc/core/dialect/DialectResolver$$Lambda+0x00000135228bf080
instanceKlass  @bci org/springframework/data/jdbc/core/dialect/DialectResolver getDialect (Lorg/springframework/jdbc/core/JdbcOperations;)Lorg/springframework/data/jdbc/core/dialect/JdbcDialect; 20 <appendix> member <vmtarget> ; # org/springframework/data/jdbc/core/dialect/DialectResolver$$Lambda+0x00000135228bee38
instanceKlass org/springframework/data/jdbc/repository/config/DialectResolver$JdbcDialectProvider
instanceKlass org/springframework/data/relational/core/sql/IdentifierProcessing
instanceKlass org/springframework/data/jdbc/core/dialect/DialectResolver$DefaultDialectProvider
instanceKlass org/springframework/data/jdbc/core/dialect/DialectResolver$JdbcDialectProvider
instanceKlass org/springframework/data/jdbc/core/dialect/JdbcDialect
instanceKlass org/springframework/data/jdbc/core/dialect/DialectResolver
instanceKlass org/springframework/data/jdbc/repository/config/DialectResolver
instanceKlass org/springframework/data/relational/core/mapping/NamingStrategy
instanceKlass org/springframework/boot/autoconfigure/domain/EntityScanner
instanceKlass org/springframework/jdbc/core/PreparedStatementCreatorFactory
instanceKlass  @bci org/springframework/jdbc/core/namedparam/NamedParameterJdbcTemplate <init> (Lorg/springframework/jdbc/core/JdbcOperations;)V 12 <appendix> argL0 ; # org/springframework/jdbc/core/namedparam/NamedParameterJdbcTemplate$$Lambda+0x00000135228baf80
instanceKlass org/springframework/jdbc/core/namedparam/ParsedSql
instanceKlass org/springframework/jdbc/core/namedparam/NamedParameterUtils
instanceKlass org/springframework/jdbc/core/namedparam/SqlParameterSource
# instanceKlass java/lang/invoke/LambdaForm$MH+0x00000135228bc000
instanceKlass org/springframework/jdbc/support/rowset/SqlRowSet
instanceKlass org/springframework/jdbc/core/ParameterizedPreparedStatementSetter
instanceKlass org/springframework/jdbc/core/RowCallbackHandler
instanceKlass org/springframework/jdbc/core/ConnectionCallback
instanceKlass org/springframework/jdbc/core/CallableStatementCallback
instanceKlass org/springframework/jdbc/support/KeyHolder
instanceKlass  @bci org/springframework/boot/autoconfigure/jdbc/JdbcTemplateConfiguration jdbcTemplate (Ljavax/sql/DataSource;Lorg/springframework/boot/autoconfigure/jdbc/JdbcProperties;Lorg/springframework/beans/factory/ObjectProvider;)Lorg/springframework/jdbc/core/JdbcTemplate; 106 <appendix> member <vmtarget> ; # org/springframework/boot/autoconfigure/jdbc/JdbcTemplateConfiguration$$Lambda+0x00000135228b9ae0
instanceKlass org/springframework/jdbc/core/BatchPreparedStatementSetter
instanceKlass org/springframework/jdbc/core/SqlParameter
instanceKlass org/springframework/jdbc/core/RowMapper
instanceKlass org/springframework/jdbc/core/PreparedStatementSetter
instanceKlass org/springframework/jdbc/core/PreparedStatementCallback
instanceKlass org/springframework/jdbc/core/ResultSetExtractor
instanceKlass org/springframework/jdbc/core/CallableStatementCreator
instanceKlass org/springframework/jdbc/core/StatementCallback
instanceKlass org/springframework/jdbc/core/PreparedStatementCreator
instanceKlass org/springframework/context/support/DefaultLifecycleProcessor$LifecycleGroup
instanceKlass org/springframework/transaction/support/AbstractPlatformTransactionManager$SuspendedResourcesHolder
instanceKlass org/springframework/jdbc/datasource/JdbcTransactionObjectSupport
instanceKlass org/springframework/transaction/support/SmartTransactionObject
instanceKlass org/springframework/transaction/support/AbstractTransactionStatus
instanceKlass  @bci org/springframework/boot/autoconfigure/transaction/ExecutionListenersTransactionManagerCustomizer customize (Lorg/springframework/transaction/ConfigurableTransactionManager;)V 10 <appendix> member <vmtarget> ; # org/springframework/boot/autoconfigure/transaction/ExecutionListenersTransactionManagerCustomizer$$Lambda+0x00000135228b39a0
instanceKlass  @bci org/springframework/boot/autoconfigure/transaction/TransactionManagerCustomizers customize (Lorg/springframework/transaction/TransactionManager;)V 23 <appendix> member <vmtarget> ; # org/springframework/boot/autoconfigure/transaction/TransactionManagerCustomizers$$Lambda+0x00000135228b3768
instanceKlass  @bci org/springframework/boot/autoconfigure/orm/jpa/JpaBaseConfiguration transactionManager (Lorg/springframework/beans/factory/ObjectProvider;)Lorg/springframework/transaction/PlatformTransactionManager; 10 <appendix> member <vmtarget> ; # org/springframework/boot/autoconfigure/orm/jpa/JpaBaseConfiguration$$Lambda+0x00000135228b3530
instanceKlass org/springframework/boot/convert/DurationUnit
instanceKlass org/springframework/transaction/TransactionExecutionListener
instanceKlass org/springframework/web/servlet/handler/HandlerExceptionResolverComposite
instanceKlass org/springframework/web/util/DisconnectedClientHelper
instanceKlass org/springframework/web/util/UriComponentsBuilder
instanceKlass org/springframework/web/util/UriBuilder
instanceKlass org/springframework/web/servlet/function/ServerResponse
instanceKlass org/springframework/web/servlet/function/ServerResponse$Context
instanceKlass org/springframework/web/servlet/mvc/method/annotation/ViewNameMethodReturnValueHandler
instanceKlass org/springframework/web/servlet/mvc/method/annotation/AsyncTaskMethodReturnValueHandler
instanceKlass org/springframework/util/concurrent/ListenableFutureCallback
instanceKlass org/springframework/web/servlet/mvc/method/annotation/DeferredResultMethodReturnValueHandler
instanceKlass org/springframework/web/servlet/mvc/method/annotation/CallableMethodReturnValueHandler
instanceKlass org/springframework/web/servlet/mvc/method/annotation/HttpHeadersReturnValueHandler
instanceKlass org/springframework/web/servlet/mvc/method/annotation/StreamingResponseBodyReturnValueHandler
instanceKlass org/springframework/web/servlet/mvc/method/annotation/ResponseBodyEmitter
instanceKlass org/springframework/web/servlet/mvc/method/annotation/ReactiveTypeHandler
instanceKlass org/springframework/core/NestedExceptionUtils
instanceKlass  @bci org/springframework/beans/factory/support/DefaultSingletonBeanRegistry getSingleton (Ljava/lang/String;Lorg/springframework/beans/factory/ObjectFactory;)Ljava/lang/Object; 1250 <appendix> member <vmtarget> ; # org/springframework/beans/factory/support/DefaultSingletonBeanRegistry$$Lambda+0x00000135228b4000
instanceKlass org/springframework/web/servlet/view/ContentNegotiatingViewResolver$1
instanceKlass  @bci org/springframework/web/servlet/view/AbstractCachingViewResolver <clinit> ()V 10 <appendix> argL0 ; # org/springframework/web/servlet/view/AbstractCachingViewResolver$$Lambda+0x00000135228af620
instanceKlass  @cpi org/springframework/web/servlet/view/AbstractCachingViewResolver 223 form vmentry <vmtarget> ; # java/lang/invoke/LambdaForm$DMH+0x00000135228b0000
instanceKlass org/springframework/web/servlet/view/AbstractCachingViewResolver$CacheFilter
instanceKlass org/springframework/web/servlet/view/AbstractCachingViewResolver$1
instanceKlass org/springframework/web/servlet/SmartView
instanceKlass org/springframework/web/servlet/view/ViewResolverComposite
instanceKlass org/springframework/web/servlet/config/annotation/UrlBasedViewResolverRegistration
instanceKlass org/springframework/web/servlet/mvc/method/annotation/ResponseBodyEmitter$Handler
instanceKlass org/springframework/web/servlet/mvc/method/annotation/ResponseBodyEmitterReturnValueHandler
instanceKlass org/springframework/web/servlet/mvc/method/annotation/ViewMethodReturnValueHandler
instanceKlass org/springframework/web/servlet/mvc/method/annotation/ModelAndViewMethodReturnValueHandler
instanceKlass org/springframework/web/servlet/mvc/method/annotation/PrincipalMethodArgumentResolver
instanceKlass org/springframework/web/servlet/mvc/method/annotation/UriComponentsBuilderMethodArgumentResolver
instanceKlass org/springframework/web/method/annotation/SessionStatusMethodArgumentResolver
instanceKlass org/springframework/web/method/annotation/ErrorsMethodArgumentResolver
instanceKlass org/springframework/web/method/annotation/MapMethodProcessor
instanceKlass org/springframework/web/method/annotation/ModelMethodProcessor
instanceKlass org/springframework/web/servlet/mvc/support/RedirectAttributes
instanceKlass org/springframework/ui/Model
instanceKlass org/springframework/web/servlet/mvc/method/annotation/RedirectAttributesMethodArgumentResolver
instanceKlass org/springframework/web/servlet/mvc/method/annotation/ServletResponseMethodArgumentResolver
instanceKlass org/springframework/web/servlet/mvc/method/annotation/ServletRequestMethodArgumentResolver
instanceKlass org/springframework/web/method/annotation/RequestHeaderMapMethodArgumentResolver
instanceKlass  @bci org/springframework/web/accept/ContentNegotiationManager getAllFileExtensions ()Ljava/util/List; 1 <appendix> argL0 ; # org/springframework/web/accept/ContentNegotiationManager$$Lambda+0x00000135228a8000
instanceKlass org/springframework/web/servlet/mvc/method/annotation/RequestResponseBodyAdviceChain
instanceKlass org/springframework/core/io/support/ResourceRegion
instanceKlass org/springframework/core/ParameterizedTypeReference
instanceKlass org/springframework/web/servlet/mvc/method/annotation/AbstractMessageConverterMethodArgumentResolver
instanceKlass org/springframework/validation/DataBinder
instanceKlass org/springframework/web/servlet/mvc/method/annotation/MatrixVariableMapMethodArgumentResolver
instanceKlass org/springframework/web/servlet/mvc/method/annotation/PathVariableMapMethodArgumentResolver
instanceKlass org/springframework/web/method/annotation/RequestParamMapMethodArgumentResolver
instanceKlass org/springframework/web/method/annotation/AbstractNamedValueMethodArgumentResolver$NamedValueInfo
instanceKlass org/springframework/web/method/annotation/AbstractNamedValueMethodArgumentResolver
instanceKlass org/springframework/web/bind/annotation/ControllerAdvice
instanceKlass org/springframework/web/method/annotation/SessionAttributesHandler
instanceKlass org/springframework/web/method/ControllerAdviceBean
instanceKlass org/springframework/web/method/annotation/ModelFactory
instanceKlass org/springframework/validation/method/MethodValidator
instanceKlass org/springframework/web/method/support/HandlerMethodReturnValueHandlerComposite
instanceKlass org/springframework/web/method/support/HandlerMethodArgumentResolverComposite
instanceKlass org/springframework/web/servlet/mvc/method/annotation/AbstractMappingJacksonResponseBodyAdvice
instanceKlass org/springframework/web/servlet/mvc/method/annotation/ResponseBodyAdvice
instanceKlass org/springframework/web/servlet/mvc/method/annotation/RequestBodyAdviceAdapter
instanceKlass org/springframework/web/servlet/mvc/method/annotation/RequestBodyAdvice
instanceKlass  @bci org/springframework/data/web/config/SpringDataWebConfiguration customizePageableResolver (Lorg/springframework/data/web/PageableHandlerMethodArgumentResolver;)V 8 <appendix> member <vmtarget> ; # org/springframework/data/web/config/SpringDataWebConfiguration$$Lambda+0x00000135228a13b0
instanceKlass  @bci org/springframework/boot/autoconfigure/data/web/SpringDataWebAutoConfiguration pageableCustomizer ()Lorg/springframework/data/web/config/PageableHandlerMethodArgumentResolverCustomizer; 1 <appendix> member <vmtarget> ; # org/springframework/boot/autoconfigure/data/web/SpringDataWebAutoConfiguration$$Lambda+0x00000135228a1188
instanceKlass org/springframework/data/domain/AbstractPageRequest
instanceKlass org/springframework/web/method/support/ModelAndViewContainer
instanceKlass  @bci org/springframework/data/web/config/SpringDataWebConfiguration customizeSortResolver (Lorg/springframework/data/web/SortHandlerMethodArgumentResolver;)V 8 <appendix> member <vmtarget> ; # org/springframework/data/web/config/SpringDataWebConfiguration$$Lambda+0x00000135228a0628
instanceKlass  @bci org/springframework/boot/autoconfigure/data/web/SpringDataWebAutoConfiguration sortCustomizer ()Lorg/springframework/data/web/config/SortHandlerMethodArgumentResolverCustomizer; 1 <appendix> member <vmtarget> ; # org/springframework/boot/autoconfigure/data/web/SpringDataWebAutoConfiguration$$Lambda+0x00000135228a0400
instanceKlass org/springframework/data/web/SortDefault
instanceKlass org/springframework/data/web/SortDefault$SortDefaults
instanceKlass org/springframework/web/bind/support/DefaultSessionAttributeStore
instanceKlass org/springframework/core/ReactiveAdapter
instanceKlass org/springframework/util/ConcurrencyThrottleSupport
instanceKlass  @bci org/springframework/web/servlet/mvc/method/annotation/RequestMappingHandlerAdapter <clinit> ()V 8 <appendix> argL0 ; # org/springframework/web/servlet/mvc/method/annotation/RequestMappingHandlerAdapter$$Lambda+0x000001352289e930
instanceKlass  @bci org/springframework/web/servlet/mvc/method/annotation/RequestMappingHandlerAdapter <clinit> ()V 0 <appendix> argL0 ; # org/springframework/web/servlet/mvc/method/annotation/RequestMappingHandlerAdapter$$Lambda+0x000001352289e700
instanceKlass org/springframework/web/bind/support/DefaultDataBinderFactory
instanceKlass org/springframework/web/bind/support/WebDataBinderFactory
instanceKlass org/springframework/web/bind/support/SessionAttributeStore
instanceKlass  @bci org/springframework/web/servlet/handler/SimpleUrlHandlerMapping registerHandlers (Ljava/util/Map;)V 32 <appendix> member <vmtarget> ; # org/springframework/web/servlet/handler/SimpleUrlHandlerMapping$$Lambda+0x000001352289d3f0
instanceKlass org/apache/catalina/TrackedWebResource
instanceKlass org/apache/catalina/webresources/AbstractResource
instanceKlass  @bci org/springframework/web/servlet/resource/ResourceHttpRequestHandler setMediaTypes (Ljava/util/Map;)V 2 <appendix> member <vmtarget> ; # org/springframework/web/servlet/resource/ResourceHttpRequestHandler$$Lambda+0x000001352289bb30
instanceKlass org/springframework/web/servlet/resource/DefaultResourceTransformerChain
instanceKlass org/springframework/web/servlet/resource/DefaultResourceResolverChain
instanceKlass org/springframework/web/servlet/resource/AbstractResourceResolver
instanceKlass org/springframework/web/servlet/resource/ResourceResolver
instanceKlass org/springframework/web/servlet/resource/ResourceHandlerUtils
instanceKlass org/springframework/web/servlet/resource/ResourceTransformerChain
instanceKlass org/springframework/web/HttpRequestHandler
instanceKlass  @bci org/springframework/boot/autoconfigure/web/servlet/WebMvcAutoConfiguration$WebMvcAutoConfigurationAdapter addResourceHandlers (Lorg/springframework/web/servlet/config/annotation/ResourceHandlerRegistry;)V 54 <appendix> member <vmtarget> ; # org/springframework/boot/autoconfigure/web/servlet/WebMvcAutoConfiguration$WebMvcAutoConfigurationAdapter$$Lambda+0x000001352289a088
instanceKlass  @bci org/springframework/boot/autoconfigure/web/WebProperties$Resources$Cache$Cachecontrol toHttpCacheControl ()Lorg/springframework/http/CacheControl; 202 <appendix> member <vmtarget> ; # org/springframework/boot/autoconfigure/web/WebProperties$Resources$Cache$Cachecontrol$$Lambda+0x0000013522899e50
instanceKlass  @bci org/springframework/boot/autoconfigure/web/WebProperties$Resources$Cache$Cachecontrol toHttpCacheControl ()Lorg/springframework/http/CacheControl; 190 <appendix> member <vmtarget> ; # org/springframework/boot/autoconfigure/web/WebProperties$Resources$Cache$Cachecontrol$$Lambda+0x0000013522899c28
instanceKlass  @bci org/springframework/boot/autoconfigure/web/WebProperties$Resources$Cache$Cachecontrol toHttpCacheControl ()Lorg/springframework/http/CacheControl; 180 <appendix> member <vmtarget> ; # org/springframework/boot/autoconfigure/web/WebProperties$Resources$Cache$Cachecontrol$$Lambda+0x00000135228999f0
instanceKlass  @bci org/springframework/boot/autoconfigure/web/WebProperties$Resources$Cache$Cachecontrol toHttpCacheControl ()Lorg/springframework/http/CacheControl; 168 <appendix> member <vmtarget> ; # org/springframework/boot/autoconfigure/web/WebProperties$Resources$Cache$Cachecontrol$$Lambda+0x00000135228997c8
instanceKlass  @bci org/springframework/boot/autoconfigure/web/WebProperties$Resources$Cache$Cachecontrol toHttpCacheControl ()Lorg/springframework/http/CacheControl; 158 <appendix> member <vmtarget> ; # org/springframework/boot/autoconfigure/web/WebProperties$Resources$Cache$Cachecontrol$$Lambda+0x0000013522899590
instanceKlass  @bci org/springframework/boot/autoconfigure/web/WebProperties$Resources$Cache$Cachecontrol toHttpCacheControl ()Lorg/springframework/http/CacheControl; 146 <appendix> member <vmtarget> ; # org/springframework/boot/autoconfigure/web/WebProperties$Resources$Cache$Cachecontrol$$Lambda+0x0000013522899368
instanceKlass  @bci org/springframework/boot/autoconfigure/web/WebProperties$Resources$Cache$Cachecontrol toHttpCacheControl ()Lorg/springframework/http/CacheControl; 136 <appendix> member <vmtarget> ; # org/springframework/boot/autoconfigure/web/WebProperties$Resources$Cache$Cachecontrol$$Lambda+0x0000013522899140
instanceKlass  @bci org/springframework/boot/autoconfigure/web/WebProperties$Resources$Cache$Cachecontrol toHttpCacheControl ()Lorg/springframework/http/CacheControl; 119 <appendix> member <vmtarget> ; # org/springframework/boot/autoconfigure/web/WebProperties$Resources$Cache$Cachecontrol$$Lambda+0x0000013522898f18
instanceKlass  @bci org/springframework/boot/autoconfigure/web/WebProperties$Resources$Cache$Cachecontrol toHttpCacheControl ()Lorg/springframework/http/CacheControl; 109 <appendix> member <vmtarget> ; # org/springframework/boot/autoconfigure/web/WebProperties$Resources$Cache$Cachecontrol$$Lambda+0x0000013522898cf0
instanceKlass  @bci org/springframework/boot/autoconfigure/web/WebProperties$Resources$Cache$Cachecontrol toHttpCacheControl ()Lorg/springframework/http/CacheControl; 92 <appendix> member <vmtarget> ; # org/springframework/boot/autoconfigure/web/WebProperties$Resources$Cache$Cachecontrol$$Lambda+0x0000013522898ac8
instanceKlass  @bci org/springframework/boot/autoconfigure/web/WebProperties$Resources$Cache$Cachecontrol toHttpCacheControl ()Lorg/springframework/http/CacheControl; 82 <appendix> member <vmtarget> ; # org/springframework/boot/autoconfigure/web/WebProperties$Resources$Cache$Cachecontrol$$Lambda+0x00000135228988a0
instanceKlass  @bci org/springframework/boot/autoconfigure/web/WebProperties$Resources$Cache$Cachecontrol toHttpCacheControl ()Lorg/springframework/http/CacheControl; 65 <appendix> member <vmtarget> ; # org/springframework/boot/autoconfigure/web/WebProperties$Resources$Cache$Cachecontrol$$Lambda+0x0000013522898678
instanceKlass  @bci org/springframework/boot/autoconfigure/web/WebProperties$Resources$Cache$Cachecontrol toHttpCacheControl ()Lorg/springframework/http/CacheControl; 55 <appendix> member <vmtarget> ; # org/springframework/boot/autoconfigure/web/WebProperties$Resources$Cache$Cachecontrol$$Lambda+0x0000013522898450
instanceKlass  @bci org/springframework/boot/autoconfigure/web/WebProperties$Resources$Cache$Cachecontrol toHttpCacheControl ()Lorg/springframework/http/CacheControl; 38 <appendix> member <vmtarget> ; # org/springframework/boot/autoconfigure/web/WebProperties$Resources$Cache$Cachecontrol$$Lambda+0x0000013522898228
instanceKlass  @bci org/springframework/boot/autoconfigure/web/WebProperties$Resources$Cache$Cachecontrol toHttpCacheControl ()Lorg/springframework/http/CacheControl; 28 <appendix> member <vmtarget> ; # org/springframework/boot/autoconfigure/web/WebProperties$Resources$Cache$Cachecontrol$$Lambda+0x0000013522898000
instanceKlass  @bci org/springframework/boot/context/properties/PropertyMapper$Source whenTrue ()Lorg/springframework/boot/context/properties/PropertyMapper$Source; 9 <appendix> member <vmtarget> ; # org/springframework/boot/context/properties/PropertyMapper$Source$$Lambda+0x0000013522890ca0
instanceKlass  @bci org/springframework/boot/autoconfigure/web/WebProperties$Resources$Cache$Cachecontrol toHttpCacheControl ()Lorg/springframework/http/CacheControl; 11 <appendix> member <vmtarget> ; # org/springframework/boot/autoconfigure/web/WebProperties$Resources$Cache$Cachecontrol$$Lambda+0x0000013522890a78
instanceKlass org/springframework/http/CacheControl
instanceKlass  @bci org/springframework/boot/autoconfigure/web/servlet/WebMvcAutoConfiguration$WebMvcAutoConfigurationAdapter addResourceHandler (Lorg/springframework/web/servlet/config/annotation/ResourceHandlerRegistry;Ljava/lang/String;[Ljava/lang/String;)V 4 <appendix> member <vmtarget> ; # org/springframework/boot/autoconfigure/web/servlet/WebMvcAutoConfiguration$WebMvcAutoConfigurationAdapter$$Lambda+0x0000013522891c40
instanceKlass  @bci org/springframework/web/servlet/function/support/RouterFunctionMapping initRouterFunctions ()V 95 <appendix> argL0 ; # org/springframework/web/servlet/function/support/RouterFunctionMapping$$Lambda+0x00000135228919f8
instanceKlass  @bci org/springframework/web/servlet/function/support/RouterFunctionMapping initRouterFunctions ()V 16 <appendix> argL0 ; # org/springframework/web/servlet/function/support/RouterFunctionMapping$$Lambda+0x00000135228917b8
instanceKlass org/springframework/web/servlet/function/HandlerFunction
instanceKlass org/springframework/web/servlet/function/ServerRequest
instanceKlass org/springframework/web/servlet/function/RouterFunction
instanceKlass com/fasterxml/jackson/databind/jsonschema/JsonSchema
instanceKlass com/fasterxml/jackson/databind/MappingIterator
instanceKlass com/fasterxml/jackson/databind/EnumNamingStrategy
instanceKlass com/fasterxml/jackson/databind/cfg/ConstructorDetector
instanceKlass com/fasterxml/jackson/databind/jsonFormatVisitors/JsonFormatVisitorWrapper
instanceKlass com/fasterxml/jackson/databind/jsonFormatVisitors/JsonFormatVisitorWithSerializerProvider
instanceKlass com/fasterxml/jackson/annotation/JsonAutoDetect$Value
instanceKlass com/fasterxml/jackson/databind/deser/DeserializationProblemHandler
instanceKlass com/fasterxml/jackson/core/io/CharacterEscapes
instanceKlass com/fasterxml/jackson/databind/ObjectWriter
instanceKlass com/fasterxml/jackson/core/type/TypeReference
instanceKlass com/fasterxml/jackson/core/FormatSchema
instanceKlass com/fasterxml/jackson/databind/InjectableValues
instanceKlass  @bci org/springframework/http/converter/json/Jackson2ObjectMapperBuilder configure (Lcom/fasterxml/jackson/databind/ObjectMapper;)V 69 <appendix> member <vmtarget> ; # org/springframework/http/converter/json/Jackson2ObjectMapperBuilder$$Lambda+0x0000013522895258
instanceKlass com/fasterxml/jackson/databind/ser/FilterProvider
instanceKlass  @bci org/springframework/boot/autoconfigure/jackson/JacksonAutoConfiguration$Jackson2ObjectMapperBuilderCustomizerConfiguration$StandardJackson2ObjectMapperBuilderCustomizer configureModules (Lorg/springframework/http/converter/json/Jackson2ObjectMapperBuilder;)V 2 <appendix> member <vmtarget> ; # org/springframework/boot/autoconfigure/jackson/JacksonAutoConfiguration$Jackson2ObjectMapperBuilderCustomizerConfiguration$StandardJackson2ObjectMapperBuilderCustomizer$$Lambda+0x0000013522894238
instanceKlass java/util/EnumMap$EnumMapIterator
instanceKlass  @bci org/springframework/boot/autoconfigure/jackson/JacksonAutoConfiguration$Jackson2ObjectMapperBuilderCustomizerConfiguration$StandardJackson2ObjectMapperBuilderCustomizer configureVisibility (Lorg/springframework/http/converter/json/Jackson2ObjectMapperBuilder;Ljava/util/Map;)V 7 <appendix> member <vmtarget> ; # org/springframework/boot/autoconfigure/jackson/JacksonAutoConfiguration$Jackson2ObjectMapperBuilderCustomizerConfiguration$StandardJackson2ObjectMapperBuilderCustomizer$$Lambda+0x0000013522894000
instanceKlass  @bci org/springframework/boot/autoconfigure/jackson/JacksonAutoConfiguration$Jackson2ObjectMapperBuilderCustomizerConfiguration$StandardJackson2ObjectMapperBuilderCustomizer configureFeatures (Lorg/springframework/http/converter/json/Jackson2ObjectMapperBuilder;Ljava/util/Map;)V 2 <appendix> member <vmtarget> ; # org/springframework/boot/autoconfigure/jackson/JacksonAutoConfiguration$Jackson2ObjectMapperBuilderCustomizerConfiguration$StandardJackson2ObjectMapperBuilderCustomizer$$Lambda+0x000001352288fc38
instanceKlass org/springframework/data/domain/Unpaged
instanceKlass org/springframework/data/geo/GeoModule$PolygonMixin
instanceKlass org/springframework/data/geo/Polygon
instanceKlass org/springframework/data/geo/GeoModule$CircleMixin
instanceKlass org/springframework/data/geo/Circle
instanceKlass org/springframework/data/geo/GeoModule$BoxMixin
instanceKlass org/springframework/data/geo/Box
instanceKlass org/springframework/data/geo/Shape
instanceKlass org/springframework/data/geo/GeoModule$PointMixin
instanceKlass org/springframework/data/geo/GeoModule$DistanceMixin
instanceKlass org/springframework/boot/jackson/JsonComponent
instanceKlass  @bci org/springframework/boot/jackson/JsonMixinModuleEntries doWithEntry (Ljava/lang/ClassLoader;Ljava/util/function/BiConsumer;)V 7 <appendix> member <vmtarget> ; # org/springframework/boot/jackson/JsonMixinModuleEntries$$Lambda+0x000001352288da38
instanceKlass  @bci org/springframework/boot/jackson/JsonMixinModule registerEntries (Lorg/springframework/boot/jackson/JsonMixinModuleEntries;Ljava/lang/ClassLoader;)V 3 <appendix> member <vmtarget> ; # org/springframework/boot/jackson/JsonMixinModule$$Lambda+0x000001352288d800
# instanceKlass java/lang/invoke/LambdaForm$MH+0x0000013522890400
# instanceKlass java/lang/invoke/LambdaForm$MH+0x0000013522890000
instanceKlass org/springframework/boot/jackson/JsonMixin
instanceKlass  @bci org/springframework/boot/jackson/JsonMixinModuleEntries scan (Lorg/springframework/context/ApplicationContext;Ljava/util/Collection;)Lorg/springframework/boot/jackson/JsonMixinModuleEntries; 2 <appendix> member <vmtarget> ; # org/springframework/boot/jackson/JsonMixinModuleEntries$$Lambda+0x000001352288d118
instanceKlass org/springframework/boot/jackson/JsonMixinModuleEntries$Builder
instanceKlass com/fasterxml/jackson/databind/deser/ValueInstantiator
instanceKlass com/fasterxml/jackson/databind/jsontype/NamedType
instanceKlass com/fasterxml/jackson/databind/PropertyNamingStrategy
instanceKlass  @bci org/springframework/boot/context/properties/bind/Binder handleBindResult (Lorg/springframework/boot/context/properties/source/ConfigurationPropertyName;Lorg/springframework/boot/context/properties/bind/Bindable;Lorg/springframework/boot/context/properties/bind/BindHandler;Lorg/springframework/boot/context/properties/bind/Binder$Context;Ljava/lang/Object;Z)Ljava/lang/Object; 50 <appendix> member <vmtarget> ; # org/springframework/boot/context/properties/bind/Binder$$Lambda+0x000001352288bd28
instanceKlass  @bci org/springframework/boot/autoconfigure/web/servlet/WebMvcAutoConfiguration$WebMvcAutoConfigurationAdapter configureMessageConverters (Ljava/util/List;)V 5 <appendix> member <vmtarget> ; # org/springframework/boot/autoconfigure/web/servlet/WebMvcAutoConfiguration$WebMvcAutoConfigurationAdapter$$Lambda+0x000001352288b1c8
instanceKlass  @bci java/util/stream/Collectors toUnmodifiableMap (Ljava/util/function/Function;Ljava/util/function/Function;)Ljava/util/stream/Collector; 21 <appendix> argL0 ; # java/util/stream/Collectors$$Lambda+0x00000135222f5588
instanceKlass  @bci org/springframework/web/servlet/handler/AbstractHandlerMethodMapping getHandlerMethods ()Ljava/util/Map; 29 <appendix> argL0 ; # org/springframework/web/servlet/handler/AbstractHandlerMethodMapping$$Lambda+0x000001352288af88
instanceKlass  @bci org/springframework/web/servlet/handler/AbstractHandlerMethodMapping getHandlerMethods ()Ljava/util/Map; 24 <appendix> argL0 ; # org/springframework/web/servlet/handler/AbstractHandlerMethodMapping$$Lambda+0x000001352288ad48
instanceKlass java/util/AbstractList$SubList$1
instanceKlass org/springframework/web/util/WebUtils
instanceKlass org/springframework/web/servlet/mvc/condition/AbstractNameValueExpression
instanceKlass org/springframework/web/servlet/mvc/condition/NameValueExpression
instanceKlass org/springframework/web/servlet/handler/AbstractHandlerMethodMapping$MappingRegistration
instanceKlass  @bci org/springframework/core/annotation/MergedAnnotationPredicates typeIn ([Ljava/lang/String;)Ljava/util/function/Predicate; 1 <appendix> member <vmtarget> ; # org/springframework/core/annotation/MergedAnnotationPredicates$$Lambda+0x0000013522889f80
instanceKlass org/springframework/web/method/HandlerMethod$MethodValidationInitializer
instanceKlass  @bci org/springframework/web/servlet/handler/AbstractHandlerMethodMapping detectHandlerMethods (Ljava/lang/Object;)V 116 <appendix> member <vmtarget> ; # org/springframework/web/servlet/handler/AbstractHandlerMethodMapping$$Lambda+0x0000013522889b40
instanceKlass org/springframework/web/util/pattern/PathPattern$MatchingContext
instanceKlass org/springframework/util/UnmodifiableMultiValueMap
instanceKlass org/springframework/http/server/DefaultPathContainer$DefaultPathSegment
instanceKlass  @bci org/springframework/web/servlet/mvc/method/annotation/RequestMappingHandlerMapping createRequestMappingInfo (Ljava/lang/reflect/AnnotatedElement;)Lorg/springframework/web/servlet/mvc/method/RequestMappingInfo; 154 <appendix> argL0 ; # org/springframework/web/servlet/mvc/method/annotation/RequestMappingHandlerMapping$$Lambda+0x00000135228890c0
instanceKlass org/springframework/web/servlet/mvc/method/RequestMappingInfo$DefaultBuilder
instanceKlass  @bci org/springframework/http/MediaType <init> (Lorg/springframework/util/MimeType;)V 10 <appendix> member <vmtarget> ; # org/springframework/http/MediaType$$Lambda+0x0000013522888928
instanceKlass  @bci org/springframework/util/MimeTypeUtils <clinit> ()V 401 <appendix> argL0 ; # org/springframework/util/MimeTypeUtils$$Lambda+0x00000135228886e8
instanceKlass org/springframework/util/MimeTypeUtils
instanceKlass org/springframework/web/servlet/mvc/condition/AbstractMediaTypeExpression
instanceKlass org/springframework/web/servlet/mvc/condition/MediaTypeExpression
instanceKlass org/springframework/web/servlet/mvc/method/RequestMappingInfo$Builder
instanceKlass  @bci org/springframework/web/servlet/mvc/method/annotation/RequestMappingHandlerMapping createRequestMappingInfo (Ljava/lang/reflect/AnnotatedElement;)Lorg/springframework/web/servlet/mvc/method/RequestMappingInfo; 46 <appendix> argL0 ; # org/springframework/web/servlet/mvc/method/annotation/RequestMappingHandlerMapping$$Lambda+0x0000013522887cf0
